This is pdfTeX, Version 3.14159265-2.6-1.40.16 (TeX Live 2015/Arch Linux) (preloaded format=pdflatex 2015.12.15)  20 MAR 2016 15:19
entering extended mode
 restricted \write18 enabled.
 %&-line parsing enabled.
**formula_sae_esf.tex
(./formula_sae_esf.tex
LaTeX2e <2015/10/01> patch level 2
Babel <3.9m> and hyphenation patterns for 79 languages loaded.
(/usr/share/texmf-dist/tex/latex/base/article.cls
Document Class: article 2014/09/29 v1.4h Standard LaTeX document class
(/usr/share/texmf-dist/tex/latex/base/size10.clo
File: size10.clo 2014/09/29 v1.4h Standard LaTeX file (size option)
)
\c@part=\count79
\c@section=\count80
\c@subsection=\count81
\c@subsubsection=\count82
\c@paragraph=\count83
\c@subparagraph=\count84
\c@figure=\count85
\c@table=\count86
\abovecaptionskip=\skip41
\belowcaptionskip=\skip42
\bibindent=\dimen102
)
(/usr/share/texmf-dist/tex/latex/base/inputenc.sty
Package: inputenc 2015/03/17 v1.2c Input encoding file
\inpenc@prehook=\toks14
\inpenc@posthook=\toks15

(/usr/share/texmf-dist/tex/latex/base/utf8.def
File: utf8.def 2015/09/07 v1.1p UTF-8 support for inputenc
Now handling font encoding OML ...
... no UTF-8 mapping file for font encoding OML
Now handling font encoding T1 ...
... processing UTF-8 mapping file for font encoding T1

(/usr/share/texmf-dist/tex/latex/base/t1enc.dfu
File: t1enc.dfu 2015/09/07 v1.1p UTF-8 support for inputenc
   defining Unicode char U+00A0 (decimal 160)
   defining Unicode char U+00A1 (decimal 161)
   defining Unicode char U+00A3 (decimal 163)
   defining Unicode char U+00AB (decimal 171)
   defining Unicode char U+00AD (decimal 173)
   defining Unicode char U+00BB (decimal 187)
   defining Unicode char U+00BF (decimal 191)
   defining Unicode char U+00C0 (decimal 192)
   defining Unicode char U+00C1 (decimal 193)
   defining Unicode char U+00C2 (decimal 194)
   defining Unicode char U+00C3 (decimal 195)
   defining Unicode char U+00C4 (decimal 196)
   defining Unicode char U+00C5 (decimal 197)
   defining Unicode char U+00C6 (decimal 198)
   defining Unicode char U+00C7 (decimal 199)
   defining Unicode char U+00C8 (decimal 200)
   defining Unicode char U+00C9 (decimal 201)
   defining Unicode char U+00CA (decimal 202)
   defining Unicode char U+00CB (decimal 203)
   defining Unicode char U+00CC (decimal 204)
   defining Unicode char U+00CD (decimal 205)
   defining Unicode char U+00CE (decimal 206)
   defining Unicode char U+00CF (decimal 207)
   defining Unicode char U+00D0 (decimal 208)
   defining Unicode char U+00D1 (decimal 209)
   defining Unicode char U+00D2 (decimal 210)
   defining Unicode char U+00D3 (decimal 211)
   defining Unicode char U+00D4 (decimal 212)
   defining Unicode char U+00D5 (decimal 213)
   defining Unicode char U+00D6 (decimal 214)
   defining Unicode char U+00D8 (decimal 216)
   defining Unicode char U+00D9 (decimal 217)
   defining Unicode char U+00DA (decimal 218)
   defining Unicode char U+00DB (decimal 219)
   defining Unicode char U+00DC (decimal 220)
   defining Unicode char U+00DD (decimal 221)
   defining Unicode char U+00DE (decimal 222)
   defining Unicode char U+00DF (decimal 223)
   defining Unicode char U+00E0 (decimal 224)
   defining Unicode char U+00E1 (decimal 225)
   defining Unicode char U+00E2 (decimal 226)
   defining Unicode char U+00E3 (decimal 227)
   defining Unicode char U+00E4 (decimal 228)
   defining Unicode char U+00E5 (decimal 229)
   defining Unicode char U+00E6 (decimal 230)
   defining Unicode char U+00E7 (decimal 231)
   defining Unicode char U+00E8 (decimal 232)
   defining Unicode char U+00E9 (decimal 233)
   defining Unicode char U+00EA (decimal 234)
   defining Unicode char U+00EB (decimal 235)
   defining Unicode char U+00EC (decimal 236)
   defining Unicode char U+00ED (decimal 237)
   defining Unicode char U+00EE (decimal 238)
   defining Unicode char U+00EF (decimal 239)
   defining Unicode char U+00F0 (decimal 240)
   defining Unicode char U+00F1 (decimal 241)
   defining Unicode char U+00F2 (decimal 242)
   defining Unicode char U+00F3 (decimal 243)
   defining Unicode char U+00F4 (decimal 244)
   defining Unicode char U+00F5 (decimal 245)
   defining Unicode char U+00F6 (decimal 246)
   defining Unicode char U+00F8 (decimal 248)
   defining Unicode char U+00F9 (decimal 249)
   defining Unicode char U+00FA (decimal 250)
   defining Unicode char U+00FB (decimal 251)
   defining Unicode char U+00FC (decimal 252)
   defining Unicode char U+00FD (decimal 253)
   defining Unicode char U+00FE (decimal 254)
   defining Unicode char U+00FF (decimal 255)
   defining Unicode char U+0102 (decimal 258)
   defining Unicode char U+0103 (decimal 259)
   defining Unicode char U+0104 (decimal 260)
   defining Unicode char U+0105 (decimal 261)
   defining Unicode char U+0106 (decimal 262)
   defining Unicode char U+0107 (decimal 263)
   defining Unicode char U+010C (decimal 268)
   defining Unicode char U+010D (decimal 269)
   defining Unicode char U+010E (decimal 270)
   defining Unicode char U+010F (decimal 271)
   defining Unicode char U+0110 (decimal 272)
   defining Unicode char U+0111 (decimal 273)
   defining Unicode char U+0118 (decimal 280)
   defining Unicode char U+0119 (decimal 281)
   defining Unicode char U+011A (decimal 282)
   defining Unicode char U+011B (decimal 283)
   defining Unicode char U+011E (decimal 286)
   defining Unicode char U+011F (decimal 287)
   defining Unicode char U+0130 (decimal 304)
   defining Unicode char U+0131 (decimal 305)
   defining Unicode char U+0132 (decimal 306)
   defining Unicode char U+0133 (decimal 307)
   defining Unicode char U+0139 (decimal 313)
   defining Unicode char U+013A (decimal 314)
   defining Unicode char U+013D (decimal 317)
   defining Unicode char U+013E (decimal 318)
   defining Unicode char U+0141 (decimal 321)
   defining Unicode char U+0142 (decimal 322)
   defining Unicode char U+0143 (decimal 323)
   defining Unicode char U+0144 (decimal 324)
   defining Unicode char U+0147 (decimal 327)
   defining Unicode char U+0148 (decimal 328)
   defining Unicode char U+014A (decimal 330)
   defining Unicode char U+014B (decimal 331)
   defining Unicode char U+0150 (decimal 336)
   defining Unicode char U+0151 (decimal 337)
   defining Unicode char U+0152 (decimal 338)
   defining Unicode char U+0153 (decimal 339)
   defining Unicode char U+0154 (decimal 340)
   defining Unicode char U+0155 (decimal 341)
   defining Unicode char U+0158 (decimal 344)
   defining Unicode char U+0159 (decimal 345)
   defining Unicode char U+015A (decimal 346)
   defining Unicode char U+015B (decimal 347)
   defining Unicode char U+015E (decimal 350)
   defining Unicode char U+015F (decimal 351)
   defining Unicode char U+0160 (decimal 352)
   defining Unicode char U+0161 (decimal 353)
   defining Unicode char U+0162 (decimal 354)
   defining Unicode char U+0163 (decimal 355)
   defining Unicode char U+0164 (decimal 356)
   defining Unicode char U+0165 (decimal 357)
   defining Unicode char U+016E (decimal 366)
   defining Unicode char U+016F (decimal 367)
   defining Unicode char U+0170 (decimal 368)
   defining Unicode char U+0171 (decimal 369)
   defining Unicode char U+0174 (decimal 372)
   defining Unicode char U+0175 (decimal 373)
   defining Unicode char U+0176 (decimal 374)
   defining Unicode char U+0177 (decimal 375)
   defining Unicode char U+0178 (decimal 376)
   defining Unicode char U+0179 (decimal 377)
   defining Unicode char U+017A (decimal 378)
   defining Unicode char U+017B (decimal 379)
   defining Unicode char U+017C (decimal 380)
   defining Unicode char U+017D (decimal 381)
   defining Unicode char U+017E (decimal 382)
   defining Unicode char U+0218 (decimal 536)
   defining Unicode char U+0219 (decimal 537)
   defining Unicode char U+021A (decimal 538)
   defining Unicode char U+021B (decimal 539)
   defining Unicode char U+200C (decimal 8204)
   defining Unicode char U+2013 (decimal 8211)
   defining Unicode char U+2014 (decimal 8212)
   defining Unicode char U+2018 (decimal 8216)
   defining Unicode char U+2019 (decimal 8217)
   defining Unicode char U+201A (decimal 8218)
   defining Unicode char U+201C (decimal 8220)
   defining Unicode char U+201D (decimal 8221)
   defining Unicode char U+201E (decimal 8222)
   defining Unicode char U+2030 (decimal 8240)
   defining Unicode char U+2031 (decimal 8241)
   defining Unicode char U+2039 (decimal 8249)
   defining Unicode char U+203A (decimal 8250)
   defining Unicode char U+2423 (decimal 9251)
)
Now handling font encoding OT1 ...
... processing UTF-8 mapping file for font encoding OT1

(/usr/share/texmf-dist/tex/latex/base/ot1enc.dfu
File: ot1enc.dfu 2015/09/07 v1.1p UTF-8 support for inputenc
   defining Unicode char U+00A0 (decimal 160)
   defining Unicode char U+00A1 (decimal 161)
   defining Unicode char U+00A3 (decimal 163)
   defining Unicode char U+00AD (decimal 173)
   defining Unicode char U+00B8 (decimal 184)
   defining Unicode char U+00BF (decimal 191)
   defining Unicode char U+00C5 (decimal 197)
   defining Unicode char U+00C6 (decimal 198)
   defining Unicode char U+00D8 (decimal 216)
   defining Unicode char U+00DF (decimal 223)
   defining Unicode char U+00E6 (decimal 230)
   defining Unicode char U+00EC (decimal 236)
   defining Unicode char U+00ED (decimal 237)
   defining Unicode char U+00EE (decimal 238)
   defining Unicode char U+00EF (decimal 239)
   defining Unicode char U+00F8 (decimal 248)
   defining Unicode char U+0131 (decimal 305)
   defining Unicode char U+0141 (decimal 321)
   defining Unicode char U+0142 (decimal 322)
   defining Unicode char U+0152 (decimal 338)
   defining Unicode char U+0153 (decimal 339)
   defining Unicode char U+0174 (decimal 372)
   defining Unicode char U+0175 (decimal 373)
   defining Unicode char U+0176 (decimal 374)
   defining Unicode char U+0177 (decimal 375)
   defining Unicode char U+0218 (decimal 536)
   defining Unicode char U+0219 (decimal 537)
   defining Unicode char U+021A (decimal 538)
   defining Unicode char U+021B (decimal 539)
   defining Unicode char U+2013 (decimal 8211)
   defining Unicode char U+2014 (decimal 8212)
   defining Unicode char U+2018 (decimal 8216)
   defining Unicode char U+2019 (decimal 8217)
   defining Unicode char U+201C (decimal 8220)
   defining Unicode char U+201D (decimal 8221)
)
Now handling font encoding OMS ...
... processing UTF-8 mapping file for font encoding OMS

(/usr/share/texmf-dist/tex/latex/base/omsenc.dfu
File: omsenc.dfu 2015/09/07 v1.1p UTF-8 support for inputenc
   defining Unicode char U+00A7 (decimal 167)
   defining Unicode char U+00B6 (decimal 182)
   defining Unicode char U+00B7 (decimal 183)
   defining Unicode char U+2020 (decimal 8224)
   defining Unicode char U+2021 (decimal 8225)
   defining Unicode char U+2022 (decimal 8226)
)
Now handling font encoding OMX ...
... no UTF-8 mapping file for font encoding OMX
Now handling font encoding U ...
... no UTF-8 mapping file for font encoding U
   defining Unicode char U+00A9 (decimal 169)
   defining Unicode char U+00AA (decimal 170)
   defining Unicode char U+00AE (decimal 174)
   defining Unicode char U+00BA (decimal 186)
   defining Unicode char U+02C6 (decimal 710)
   defining Unicode char U+02DC (decimal 732)
   defining Unicode char U+200C (decimal 8204)
   defining Unicode char U+2026 (decimal 8230)
   defining Unicode char U+2122 (decimal 8482)
   defining Unicode char U+2423 (decimal 9251)
))
(/usr/share/texmf-dist/tex/generic/babel/babel.sty
Package: babel 2015/08/03 3.9m The Babel package

(/usr/share/texmf-dist/tex/generic/babel-english/english.ldf
Language: english 2012/08/20 v3.3p English support from the babel system

(/usr/share/texmf-dist/tex/generic/babel/babel.def
File: babel.def 2015/08/03 3.9m Babel common definitions
\babel@savecnt=\count87
\U@D=\dimen103
)
\l@canadian = a dialect from \language\l@american 
\l@australian = a dialect from \language\l@british 
\l@newzealand = a dialect from \language\l@british 
))
(/usr/share/texmf-dist/tex/latex/mathtools/mathtools.sty
Package: mathtools 2015/11/12 v1.18 mathematical typesetting tools

(/usr/share/texmf-dist/tex/latex/graphics/keyval.sty
Package: keyval 2014/10/28 v1.15 key=value parser (DPC)
\KV@toks@=\toks16
)
(/usr/share/texmf-dist/tex/latex/tools/calc.sty
Package: calc 2014/10/28 v4.3 Infix arithmetic (KKT,FJ)
\calc@Acount=\count88
\calc@Bcount=\count89
\calc@Adimen=\dimen104
\calc@Bdimen=\dimen105
\calc@Askip=\skip43
\calc@Bskip=\skip44
LaTeX Info: Redefining \setlength on input line 80.
LaTeX Info: Redefining \addtolength on input line 81.
\calc@Ccount=\count90
\calc@Cskip=\skip45
)
(/usr/share/texmf-dist/tex/latex/mathtools/mhsetup.sty
Package: mhsetup 2010/01/21 v1.2a programming setup (MH)
)
(/usr/share/texmf-dist/tex/latex/amsmath/amsmath.sty
Package: amsmath 2013/01/14 v2.14 AMS math features
\@mathmargin=\skip46

For additional information on amsmath, use the `?' option.
(/usr/share/texmf-dist/tex/latex/amsmath/amstext.sty
Package: amstext 2000/06/29 v2.01

(/usr/share/texmf-dist/tex/latex/amsmath/amsgen.sty
File: amsgen.sty 1999/11/30 v2.0
\@emptytoks=\toks17
\ex@=\dimen106
))
(/usr/share/texmf-dist/tex/latex/amsmath/amsbsy.sty
Package: amsbsy 1999/11/29 v1.2d
\pmbraise@=\dimen107
)
(/usr/share/texmf-dist/tex/latex/amsmath/amsopn.sty
Package: amsopn 1999/12/14 v2.01 operator names
)
\inf@bad=\count91
LaTeX Info: Redefining \frac on input line 210.
\uproot@=\count92
\leftroot@=\count93
LaTeX Info: Redefining \overline on input line 306.
\classnum@=\count94
\DOTSCASE@=\count95
LaTeX Info: Redefining \ldots on input line 378.
LaTeX Info: Redefining \dots on input line 381.
LaTeX Info: Redefining \cdots on input line 466.
\Mathstrutbox@=\box26
\strutbox@=\box27
\big@size=\dimen108
LaTeX Font Info:    Redeclaring font encoding OML on input line 566.
LaTeX Font Info:    Redeclaring font encoding OMS on input line 567.
\macc@depth=\count96
\c@MaxMatrixCols=\count97
\dotsspace@=\muskip10
\c@parentequation=\count98
\dspbrk@lvl=\count99
\tag@help=\toks18
\row@=\count100
\column@=\count101
\maxfields@=\count102
\andhelp@=\toks19
\eqnshift@=\dimen109
\alignsep@=\dimen110
\tagshift@=\dimen111
\tagwidth@=\dimen112
\totwidth@=\dimen113
\lineht@=\dimen114
\@envbody=\toks20
\multlinegap=\skip47
\multlinetaggap=\skip48
\mathdisplay@stack=\toks21
LaTeX Info: Redefining \[ on input line 2665.
LaTeX Info: Redefining \] on input line 2666.
)
LaTeX Info: Thecontrolsequence`\('isalreadyrobust on input line 129.
LaTeX Info: Thecontrolsequence`\)'isalreadyrobust on input line 129.
LaTeX Info: Thecontrolsequence`\['isalreadyrobust on input line 129.
LaTeX Info: Thecontrolsequence`\]'isalreadyrobust on input line 129.
\g_MT_multlinerow_int=\count103
\l_MT_multwidth_dim=\dimen115
\origjot=\skip49
\l_MT_shortvdotswithinadjustabove_dim=\dimen116
\l_MT_shortvdotswithinadjustbelow_dim=\dimen117
\l_MT_above_intertext_sep=\dimen118
\l_MT_below_intertext_sep=\dimen119
\l_MT_above_shortintertext_sep=\dimen120
\l_MT_below_shortintertext_sep=\dimen121
)
(/usr/share/texmf-dist/tex/latex/was/gensymb.sty
Package: gensymb 2003/07/02 v1.0 (WaS)
)
(/usr/share/texmf-dist/tex/latex/graphics/graphicx.sty
Package: graphicx 2014/10/28 v1.0g Enhanced LaTeX Graphics (DPC,SPQR)

(/usr/share/texmf-dist/tex/latex/graphics/graphics.sty
Package: graphics 2014/10/28 v1.0p Standard LaTeX Graphics (DPC,SPQR)

(/usr/share/texmf-dist/tex/latex/graphics/trig.sty
Package: trig 1999/03/16 v1.09 sin cos tan (DPC)
)
(/usr/share/texmf-dist/tex/latex/latexconfig/graphics.cfg
File: graphics.cfg 2010/04/23 v1.9 graphics configuration of TeX Live
)
Package graphics Info: Driver file: pdftex.def on input line 94.

(/usr/share/texmf-dist/tex/latex/pdftex-def/pdftex.def
File: pdftex.def 2011/05/27 v0.06d Graphics/color for pdfTeX

(/usr/share/texmf-dist/tex/generic/oberdiek/infwarerr.sty
Package: infwarerr 2010/04/08 v1.3 Providing info/warning/error messages (HO)
)
(/usr/share/texmf-dist/tex/generic/oberdiek/ltxcmds.sty
Package: ltxcmds 2011/11/09 v1.22 LaTeX kernel commands for general use (HO)
)
\Gread@gobject=\count104
))
\Gin@req@height=\dimen122
\Gin@req@width=\dimen123
)
(/usr/share/texmf-dist/tex/latex/base/textcomp.sty
Package: textcomp 2005/09/27 v1.99g Standard LaTeX package
Package textcomp Info: Sub-encoding information:
(textcomp)               5 = only ISO-Adobe without \textcurrency
(textcomp)               4 = 5 + \texteuro
(textcomp)               3 = 4 + \textohm
(textcomp)               2 = 3 + \textestimated + \textcurrency
(textcomp)               1 = TS1 - \textcircled - \t
(textcomp)               0 = TS1 (full)
(textcomp)             Font families with sub-encoding setting implement
(textcomp)             only a restricted character set as indicated.
(textcomp)             Family '?' is the default used for unknown fonts.
(textcomp)             See the documentation for details.
Package textcomp Info: Setting ? sub-encoding to TS1/1 on input line 79.

(/usr/share/texmf-dist/tex/latex/base/ts1enc.def
File: ts1enc.def 2001/06/05 v3.0e (jk/car/fm) Standard LaTeX file
Now handling font encoding TS1 ...
... processing UTF-8 mapping file for font encoding TS1

(/usr/share/texmf-dist/tex/latex/base/ts1enc.dfu
File: ts1enc.dfu 2015/09/07 v1.1p UTF-8 support for inputenc
   defining Unicode char U+00A2 (decimal 162)
   defining Unicode char U+00A3 (decimal 163)
   defining Unicode char U+00A4 (decimal 164)
   defining Unicode char U+00A5 (decimal 165)
   defining Unicode char U+00A6 (decimal 166)
   defining Unicode char U+00A7 (decimal 167)
   defining Unicode char U+00A8 (decimal 168)
   defining Unicode char U+00A9 (decimal 169)
   defining Unicode char U+00AA (decimal 170)
   defining Unicode char U+00AC (decimal 172)
   defining Unicode char U+00AE (decimal 174)
   defining Unicode char U+00AF (decimal 175)
   defining Unicode char U+00B0 (decimal 176)
   defining Unicode char U+00B1 (decimal 177)
   defining Unicode char U+00B2 (decimal 178)
   defining Unicode char U+00B3 (decimal 179)
   defining Unicode char U+00B4 (decimal 180)
   defining Unicode char U+00B5 (decimal 181)
   defining Unicode char U+00B6 (decimal 182)
   defining Unicode char U+00B7 (decimal 183)
   defining Unicode char U+00B9 (decimal 185)
   defining Unicode char U+00BA (decimal 186)
   defining Unicode char U+00BC (decimal 188)
   defining Unicode char U+00BD (decimal 189)
   defining Unicode char U+00BE (decimal 190)
   defining Unicode char U+00D7 (decimal 215)
   defining Unicode char U+00F7 (decimal 247)
   defining Unicode char U+0192 (decimal 402)
   defining Unicode char U+02C7 (decimal 711)
   defining Unicode char U+02D8 (decimal 728)
   defining Unicode char U+02DD (decimal 733)
   defining Unicode char U+0E3F (decimal 3647)
   defining Unicode char U+2016 (decimal 8214)
   defining Unicode char U+2020 (decimal 8224)
   defining Unicode char U+2021 (decimal 8225)
   defining Unicode char U+2022 (decimal 8226)
   defining Unicode char U+2030 (decimal 8240)
   defining Unicode char U+2031 (decimal 8241)
   defining Unicode char U+203B (decimal 8251)
   defining Unicode char U+203D (decimal 8253)
   defining Unicode char U+2044 (decimal 8260)
   defining Unicode char U+204E (decimal 8270)
   defining Unicode char U+2052 (decimal 8274)
   defining Unicode char U+20A1 (decimal 8353)
   defining Unicode char U+20A4 (decimal 8356)
   defining Unicode char U+20A6 (decimal 8358)
   defining Unicode char U+20A9 (decimal 8361)
   defining Unicode char U+20AB (decimal 8363)
   defining Unicode char U+20AC (decimal 8364)
   defining Unicode char U+20B1 (decimal 8369)
   defining Unicode char U+2103 (decimal 8451)
   defining Unicode char U+2116 (decimal 8470)
   defining Unicode char U+2117 (decimal 8471)
   defining Unicode char U+211E (decimal 8478)
   defining Unicode char U+2120 (decimal 8480)
   defining Unicode char U+2122 (decimal 8482)
   defining Unicode char U+2126 (decimal 8486)
   defining Unicode char U+2127 (decimal 8487)
   defining Unicode char U+212E (decimal 8494)
   defining Unicode char U+2190 (decimal 8592)
   defining Unicode char U+2191 (decimal 8593)
   defining Unicode char U+2192 (decimal 8594)
   defining Unicode char U+2193 (decimal 8595)
   defining Unicode char U+2329 (decimal 9001)
   defining Unicode char U+232A (decimal 9002)
   defining Unicode char U+2422 (decimal 9250)
   defining Unicode char U+25E6 (decimal 9702)
   defining Unicode char U+25EF (decimal 9711)
   defining Unicode char U+266A (decimal 9834)
))
LaTeX Info: Redefining \oldstylenums on input line 334.
Package textcomp Info: Setting cmr sub-encoding to TS1/0 on input line 349.
Package textcomp Info: Setting cmss sub-encoding to TS1/0 on input line 350.
Package textcomp Info: Setting cmtt sub-encoding to TS1/0 on input line 351.
Package textcomp Info: Setting cmvtt sub-encoding to TS1/0 on input line 352.
Package textcomp Info: Setting cmbr sub-encoding to TS1/0 on input line 353.
Package textcomp Info: Setting cmtl sub-encoding to TS1/0 on input line 354.
Package textcomp Info: Setting ccr sub-encoding to TS1/0 on input line 355.
Package textcomp Info: Setting ptm sub-encoding to TS1/4 on input line 356.
Package textcomp Info: Setting pcr sub-encoding to TS1/4 on input line 357.
Package textcomp Info: Setting phv sub-encoding to TS1/4 on input line 358.
Package textcomp Info: Setting ppl sub-encoding to TS1/3 on input line 359.
Package textcomp Info: Setting pag sub-encoding to TS1/4 on input line 360.
Package textcomp Info: Setting pbk sub-encoding to TS1/4 on input line 361.
Package textcomp Info: Setting pnc sub-encoding to TS1/4 on input line 362.
Package textcomp Info: Setting pzc sub-encoding to TS1/4 on input line 363.
Package textcomp Info: Setting bch sub-encoding to TS1/4 on input line 364.
Package textcomp Info: Setting put sub-encoding to TS1/5 on input line 365.
Package textcomp Info: Setting uag sub-encoding to TS1/5 on input line 366.
Package textcomp Info: Setting ugq sub-encoding to TS1/5 on input line 367.
Package textcomp Info: Setting ul8 sub-encoding to TS1/4 on input line 368.
Package textcomp Info: Setting ul9 sub-encoding to TS1/4 on input line 369.
Package textcomp Info: Setting augie sub-encoding to TS1/5 on input line 370.
Package textcomp Info: Setting dayrom sub-encoding to TS1/3 on input line 371.
Package textcomp Info: Setting dayroms sub-encoding to TS1/3 on input line 372.

Package textcomp Info: Setting pxr sub-encoding to TS1/0 on input line 373.
Package textcomp Info: Setting pxss sub-encoding to TS1/0 on input line 374.
Package textcomp Info: Setting pxtt sub-encoding to TS1/0 on input line 375.
Package textcomp Info: Setting txr sub-encoding to TS1/0 on input line 376.
Package textcomp Info: Setting txss sub-encoding to TS1/0 on input line 377.
Package textcomp Info: Setting txtt sub-encoding to TS1/0 on input line 378.
Package textcomp Info: Setting lmr sub-encoding to TS1/0 on input line 379.
Package textcomp Info: Setting lmdh sub-encoding to TS1/0 on input line 380.
Package textcomp Info: Setting lmss sub-encoding to TS1/0 on input line 381.
Package textcomp Info: Setting lmssq sub-encoding to TS1/0 on input line 382.
Package textcomp Info: Setting lmvtt sub-encoding to TS1/0 on input line 383.
Package textcomp Info: Setting lmtt sub-encoding to TS1/0 on input line 384.
Package textcomp Info: Setting qhv sub-encoding to TS1/0 on input line 385.
Package textcomp Info: Setting qag sub-encoding to TS1/0 on input line 386.
Package textcomp Info: Setting qbk sub-encoding to TS1/0 on input line 387.
Package textcomp Info: Setting qcr sub-encoding to TS1/0 on input line 388.
Package textcomp Info: Setting qcs sub-encoding to TS1/0 on input line 389.
Package textcomp Info: Setting qpl sub-encoding to TS1/0 on input line 390.
Package textcomp Info: Setting qtm sub-encoding to TS1/0 on input line 391.
Package textcomp Info: Setting qzc sub-encoding to TS1/0 on input line 392.
Package textcomp Info: Setting qhvc sub-encoding to TS1/0 on input line 393.
Package textcomp Info: Setting futs sub-encoding to TS1/4 on input line 394.
Package textcomp Info: Setting futx sub-encoding to TS1/4 on input line 395.
Package textcomp Info: Setting futj sub-encoding to TS1/4 on input line 396.
Package textcomp Info: Setting hlh sub-encoding to TS1/3 on input line 397.
Package textcomp Info: Setting hls sub-encoding to TS1/3 on input line 398.
Package textcomp Info: Setting hlst sub-encoding to TS1/3 on input line 399.
Package textcomp Info: Setting hlct sub-encoding to TS1/5 on input line 400.
Package textcomp Info: Setting hlx sub-encoding to TS1/5 on input line 401.
Package textcomp Info: Setting hlce sub-encoding to TS1/5 on input line 402.
Package textcomp Info: Setting hlcn sub-encoding to TS1/5 on input line 403.
Package textcomp Info: Setting hlcw sub-encoding to TS1/5 on input line 404.
Package textcomp Info: Setting hlcf sub-encoding to TS1/5 on input line 405.
Package textcomp Info: Setting pplx sub-encoding to TS1/3 on input line 406.
Package textcomp Info: Setting pplj sub-encoding to TS1/3 on input line 407.
Package textcomp Info: Setting ptmx sub-encoding to TS1/4 on input line 408.
Package textcomp Info: Setting ptmj sub-encoding to TS1/4 on input line 409.
)
(/usr/share/texmf-dist/tex/latex/float/float.sty
Package: float 2001/11/08 v1.3d Float enhancements (AL)
\c@float@type=\count105
\float@exts=\toks22
\float@box=\box28
\@float@everytoks=\toks23
\@floatcapt=\box29
)
(/usr/share/texmf-dist/tex/latex/tools/varioref.sty
Package: varioref 2015/09/22 v1.5b package for extended references (FMi)
\c@vrcnt=\count106
)
(/usr/share/texmf-dist/tex/latex/fancyref/fancyref.sty
Package: fancyref 1999/02/03 v0.9c Fancy cross-referencing
)
(/usr/share/texmf-dist/tex/latex/caption/caption.sty
Package: caption 2015/09/17 v3.3-111 Customizing captions (AR)

(/usr/share/texmf-dist/tex/latex/caption/caption3.sty
Package: caption3 2015/09/20 v1.7-115 caption3 kernel (AR)
Package caption3 Info: TeX engine: e-TeX on input line 57.
\captionmargin=\dimen124
\captionmargin@=\dimen125
\captionwidth=\dimen126
\caption@tempdima=\dimen127
\caption@indent=\dimen128
\caption@parindent=\dimen129
\caption@hangindent=\dimen130
)
\c@ContinuedFloat=\count107
Package caption Info: float package is loaded.
)
(/usr/share/texmf-dist/tex/latex/caption/subcaption.sty
Package: subcaption 2015/09/15 v1.1-100 Sub-captions (AR)
\c@subfigure=\count108
\c@subtable=\count109
)
(/usr/share/texmf-dist/tex/latex/comment/comment.sty
\CommentStream=\write3

Excluding comment 'comment')
(/usr/share/texmf-dist/tex/latex/hyperref/hyperref.sty
Package: hyperref 2012/11/06 v6.83m Hypertext links for LaTeX

(/usr/share/texmf-dist/tex/generic/oberdiek/hobsub-hyperref.sty
Package: hobsub-hyperref 2012/05/28 v1.13 Bundle oberdiek, subset hyperref (HO)


(/usr/share/texmf-dist/tex/generic/oberdiek/hobsub-generic.sty
Package: hobsub-generic 2012/05/28 v1.13 Bundle oberdiek, subset generic (HO)
Package: hobsub 2012/05/28 v1.13 Construct package bundles (HO)
Package hobsub Info: Skipping package `infwarerr' (already loaded).
Package hobsub Info: Skipping package `ltxcmds' (already loaded).
Package: ifluatex 2010/03/01 v1.3 Provides the ifluatex switch (HO)
Package ifluatex Info: LuaTeX not detected.
Package: ifvtex 2010/03/01 v1.5 Detect VTeX and its facilities (HO)
Package ifvtex Info: VTeX not detected.
Package: intcalc 2007/09/27 v1.1 Expandable calculations with integers (HO)
Package: ifpdf 2011/01/30 v2.3 Provides the ifpdf switch (HO)
Package ifpdf Info: pdfTeX in PDF mode is detected.
Package: etexcmds 2011/02/16 v1.5 Avoid name clashes with e-TeX commands (HO)
Package etexcmds Info: Could not find \expanded.
(etexcmds)             That can mean that you are not using pdfTeX 1.50 or
(etexcmds)             that some package has redefined \expanded.
(etexcmds)             In the latter case, load this package earlier.
Package: kvsetkeys 2012/04/25 v1.16 Key value parser (HO)
Package: kvdefinekeys 2011/04/07 v1.3 Define keys (HO)
Package: pdftexcmds 2011/11/29 v0.20 Utility functions of pdfTeX for LuaTeX (HO
)
Package pdftexcmds Info: LuaTeX not detected.
Package pdftexcmds Info: \pdf@primitive is available.
Package pdftexcmds Info: \pdf@ifprimitive is available.
Package pdftexcmds Info: \pdfdraftmode found.
Package: pdfescape 2011/11/25 v1.13 Implements pdfTeX's escape features (HO)
Package: bigintcalc 2012/04/08 v1.3 Expandable calculations on big integers (HO
)
Package: bitset 2011/01/30 v1.1 Handle bit-vector datatype (HO)
Package: uniquecounter 2011/01/30 v1.2 Provide unlimited unique counter (HO)
)
Package hobsub Info: Skipping package `hobsub' (already loaded).
Package: letltxmacro 2010/09/02 v1.4 Let assignment for LaTeX macros (HO)
Package: hopatch 2012/05/28 v1.2 Wrapper for package hooks (HO)
Package: xcolor-patch 2011/01/30 xcolor patch
Package: atveryend 2011/06/30 v1.8 Hooks at the very end of document (HO)
Package atveryend Info: \enddocument detected (standard20110627).
Package: atbegshi 2011/10/05 v1.16 At begin shipout hook (HO)
Package: refcount 2011/10/16 v3.4 Data extraction from label references (HO)
Package: hycolor 2011/01/30 v1.7 Color options for hyperref/bookmark (HO)
)
(/usr/share/texmf-dist/tex/generic/ifxetex/ifxetex.sty
Package: ifxetex 2010/09/12 v0.6 Provides ifxetex conditional
)
(/usr/share/texmf-dist/tex/latex/oberdiek/auxhook.sty
Package: auxhook 2011/03/04 v1.3 Hooks for auxiliary files (HO)
)
(/usr/share/texmf-dist/tex/latex/oberdiek/kvoptions.sty
Package: kvoptions 2011/06/30 v3.11 Key value format for package options (HO)
)
\@linkdim=\dimen131
\Hy@linkcounter=\count110
\Hy@pagecounter=\count111

(/usr/share/texmf-dist/tex/latex/hyperref/pd1enc.def
File: pd1enc.def 2012/11/06 v6.83m Hyperref: PDFDocEncoding definition (HO)
Now handling font encoding PD1 ...
... no UTF-8 mapping file for font encoding PD1
)
\Hy@SavedSpaceFactor=\count112

(/usr/share/texmf-dist/tex/latex/latexconfig/hyperref.cfg
File: hyperref.cfg 2002/06/06 v1.2 hyperref configuration of TeXLive
)
Package hyperref Info: Hyper figures OFF on input line 4443.
Package hyperref Info: Link nesting OFF on input line 4448.
Package hyperref Info: Hyper index ON on input line 4451.
Package hyperref Info: Plain pages OFF on input line 4458.
Package hyperref Info: Backreferencing OFF on input line 4463.
Package hyperref Info: Implicit mode ON; LaTeX internals redefined.
Package hyperref Info: Bookmarks ON on input line 4688.
\c@Hy@tempcnt=\count113

(/usr/share/texmf-dist/tex/latex/url/url.sty
\Urlmuskip=\muskip11
Package: url 2013/09/16  ver 3.4  Verb mode for urls, etc.
)
LaTeX Info: Redefining \url on input line 5041.
\XeTeXLinkMargin=\dimen132
\Fld@menulength=\count114
\Field@Width=\dimen133
\Fld@charsize=\dimen134
Package hyperref Info: Hyper figures OFF on input line 6295.
Package hyperref Info: Link nesting OFF on input line 6300.
Package hyperref Info: Hyper index ON on input line 6303.
Package hyperref Info: backreferencing OFF on input line 6310.
Package hyperref Info: Link coloring OFF on input line 6315.
Package hyperref Info: Link coloring with OCG OFF on input line 6320.
Package hyperref Info: PDF/A mode OFF on input line 6325.
LaTeX Info: Redefining \ref on input line 6365.
LaTeX Info: Redefining \pageref on input line 6369.
\Hy@abspage=\count115
\c@Item=\count116
\c@Hfootnote=\count117
)

Package hyperref Message: Driver (autodetected): hpdftex.

(/usr/share/texmf-dist/tex/latex/hyperref/hpdftex.def
File: hpdftex.def 2012/11/06 v6.83m Hyperref driver for pdfTeX
\Fld@listcount=\count118
\c@bookmark@seq@number=\count119

(/usr/share/texmf-dist/tex/latex/oberdiek/rerunfilecheck.sty
Package: rerunfilecheck 2011/04/15 v1.7 Rerun checks for auxiliary files (HO)
Package uniquecounter Info: New unique counter `rerunfilecheck' on input line 2
82.
)
\Hy@SectionHShift=\skip50
)
(/usr/share/texmf-dist/tex/latex/oberdiek/epstopdf.sty
Package: epstopdf 2010/02/09 v2.5 Conversion with epstopdf on the fly (HO)

(/usr/share/texmf-dist/tex/latex/oberdiek/epstopdf-base.sty
Package: epstopdf-base 2010/02/09 v2.5 Base part for package epstopdf

(/usr/share/texmf-dist/tex/latex/oberdiek/grfext.sty
Package: grfext 2010/08/19 v1.1 Manage graphics extensions (HO)
)
Package grfext Info: Graphics extension search list:
(grfext)             [.png,.pdf,.jpg,.mps,.jpeg,.jbig2,.jb2,.PNG,.PDF,.JPG,.JPE
G,.JBIG2,.JB2,.eps]
(grfext)             \AppendGraphicsExtensions on input line 452.

(/usr/share/texmf-dist/tex/latex/latexconfig/epstopdf-sys.cfg
File: epstopdf-sys.cfg 2010/07/13 v1.3 Configuration of (r)epstopdf for TeX Liv
e
)))
(/usr/share/texmf-dist/tex/latex/geometry/geometry.sty
Package: geometry 2010/09/12 v5.6 Page Geometry
\Gm@cnth=\count120
\Gm@cntv=\count121
\c@Gm@tempcnt=\count122
\Gm@bindingoffset=\dimen135
\Gm@wd@mp=\dimen136
\Gm@odd@mp=\dimen137
\Gm@even@mp=\dimen138
\Gm@layoutwidth=\dimen139
\Gm@layoutheight=\dimen140
\Gm@layouthoffset=\dimen141
\Gm@layoutvoffset=\dimen142
\Gm@dimlist=\toks24
)
(/usr/share/texmf-dist/tex/latex/listings/listings.sty
\lst@mode=\count123
\lst@gtempboxa=\box30
\lst@token=\toks25
\lst@length=\count124
\lst@currlwidth=\dimen143
\lst@column=\count125
\lst@pos=\count126
\lst@lostspace=\dimen144
\lst@width=\dimen145
\lst@newlines=\count127
\lst@lineno=\count128
\lst@maxwidth=\dimen146

(/usr/share/texmf-dist/tex/latex/listings/lstmisc.sty
File: lstmisc.sty 2015/06/04 1.6 (Carsten Heinz)
\c@lstnumber=\count129
\lst@skipnumbers=\count130
\lst@framebox=\box31
)
(/usr/share/texmf-dist/tex/latex/listings/listings.cfg
File: listings.cfg 2015/06/04 1.6 listings configuration
))
Package: listings 2015/06/04 1.6 (Carsten Heinz)

(/usr/share/texmf-dist/tex/latex/xcolor/xcolor.sty
Package: xcolor 2007/01/21 v2.11 LaTeX color extensions (UK)

(/usr/share/texmf-dist/tex/latex/latexconfig/color.cfg
File: color.cfg 2007/01/18 v1.5 color configuration of teTeX/TeXLive
)
Package xcolor Info: Driver file: pdftex.def on input line 225.
Package xcolor Info: Model `cmy' substituted by `cmy0' on input line 1337.
Package xcolor Info: Model `hsb' substituted by `rgb' on input line 1341.
Package xcolor Info: Model `RGB' extended on input line 1353.
Package xcolor Info: Model `HTML' substituted by `rgb' on input line 1355.
Package xcolor Info: Model `Hsb' substituted by `hsb' on input line 1356.
Package xcolor Info: Model `tHsb' substituted by `hsb' on input line 1357.
Package xcolor Info: Model `HSB' substituted by `hsb' on input line 1358.
Package xcolor Info: Model `Gray' substituted by `gray' on input line 1359.
Package xcolor Info: Model `wave' substituted by `hsb' on input line 1360.
)
(/usr/share/texmf-dist/tex/latex/pdfpages/pdfpages.sty
Package: pdfpages 2015/09/18 v0.5d Insert pages of external PDF documents (AM)

(/usr/share/texmf-dist/tex/latex/base/ifthen.sty
Package: ifthen 2014/09/29 v1.1c Standard LaTeX ifthen package (DPC)
)
(/usr/share/texmf-dist/tex/latex/eso-pic/eso-pic.sty
Package: eso-pic 2015/07/21 v2.0g eso-pic (RN)
)
\AM@pagewidth=\dimen147
\AM@pageheight=\dimen148

(/usr/share/texmf-dist/tex/latex/pdfpages/pppdftex.def
File: pppdftex.def 2015/09/18 v0.5d Pdfpages driver for pdfTeX (AM)
)
\AM@pagebox=\box32
\AM@toc@title=\toks26
\c@AM@survey=\count131
\AM@templatesizebox=\box33
)
(/usr/share/texmf-dist/tex/latex/wrapfig/wrapfig.sty
\wrapoverhang=\dimen149
\WF@size=\dimen150
\c@WF@wrappedlines=\count132
\WF@box=\box34
\WF@everypar=\toks27
Package: wrapfig 2003/01/31  v 3.6
)
(/usr/share/texmf-dist/tex/latex/graphics/lscape.sty
Package: lscape 2000/10/22 v3.01 Landscape Pages (DPC)
)
(/usr/share/texmf-dist/tex/latex/rotating/rotating.sty
Package: rotating 2009/03/28 v2.16a rotated objects in LaTeX
\c@r@tfl@t=\count133
\rotFPtop=\skip51
\rotFPbot=\skip52
\rot@float@box=\box35
\rot@mess@toks=\toks28
)
(/usr/share/texmf-dist/tex/latex/fancyhdr/fancyhdr.sty
\fancy@headwidth=\skip53
\f@ncyO@elh=\skip54
\f@ncyO@erh=\skip55
\f@ncyO@olh=\skip56
\f@ncyO@orh=\skip57
\f@ncyO@elf=\skip58
\f@ncyO@erf=\skip59
\f@ncyO@olf=\skip60
\f@ncyO@orf=\skip61
)
(/usr/share/texmf-dist/tex/latex/amsfonts/amssymb.sty
Package: amssymb 2013/01/14 v3.01 AMS font symbols

(/usr/share/texmf-dist/tex/latex/amsfonts/amsfonts.sty
Package: amsfonts 2013/01/14 v3.01 Basic AMSFonts support
\symAMSa=\mathgroup4
\symAMSb=\mathgroup5
LaTeX Font Info:    Overwriting math alphabet `\mathfrak' in version `bold'
(Font)                  U/euf/m/n --> U/euf/b/n on input line 106.
))
(/usr/share/texmf-dist/tex/latex/soul/soul.sty
Package: soul 2003/11/17 v2.4 letterspacing/underlining (mf)
\SOUL@word=\toks29
\SOUL@lasttoken=\toks30
\SOUL@cmds=\toks31
\SOUL@buffer=\toks32
\SOUL@token=\toks33
\SOUL@spaceskip=\skip62
\SOUL@ttwidth=\dimen151
\SOUL@uldp=\dimen152
\SOUL@ulht=\dimen153
)
(/usr/share/texmf-dist/tex/latex/psnfss/helvet.sty
Package: helvet 2005/04/12 PSNFSS-v9.2a (WaS) 
) (./formula_sae_esf.aux)
\openout1 = `formula_sae_esf.aux'.

LaTeX Font Info:    Checking defaults for OML/cmm/m/it on input line 48.
LaTeX Font Info:    ... okay on input line 48.
LaTeX Font Info:    Checking defaults for T1/cmr/m/n on input line 48.
LaTeX Font Info:    ... okay on input line 48.
LaTeX Font Info:    Checking defaults for OT1/cmr/m/n on input line 48.
LaTeX Font Info:    ... okay on input line 48.
LaTeX Font Info:    Checking defaults for OMS/cmsy/m/n on input line 48.
LaTeX Font Info:    ... okay on input line 48.
LaTeX Font Info:    Checking defaults for OMX/cmex/m/n on input line 48.
LaTeX Font Info:    ... okay on input line 48.
LaTeX Font Info:    Checking defaults for U/cmr/m/n on input line 48.
LaTeX Font Info:    ... okay on input line 48.
LaTeX Font Info:    Checking defaults for TS1/cmr/m/n on input line 48.
LaTeX Font Info:    Try loading font information for TS1+cmr on input line 48.

(/usr/share/texmf-dist/tex/latex/base/ts1cmr.fd
File: ts1cmr.fd 2014/09/29 v2.5h Standard LaTeX font definitions
)
LaTeX Font Info:    ... okay on input line 48.
LaTeX Font Info:    Checking defaults for PD1/pdf/m/n on input line 48.
LaTeX Font Info:    ... okay on input line 48.
\symgns@font=\mathgroup6
LaTeX Font Info:    Overwriting symbol font `gns@font' in version `bold'
(Font)                  TS1/cmr/m/n --> TS1/cmr/bx/n on input line 48.
Package gensymb Info: Math companion symbols declared on input line 48.
LaTeX Info: Redefining \degree on input line 48.
LaTeX Info: Redefining \celsius on input line 48.
Package gensymb Info: Using text companion symbols for \degree, \celsius and \p
erthousand on input line 48.
LaTeX Info: Redefining \ohm on input line 48.
Package gensymb Info: Using \textohm for \ohm on input line 48.
Package gensymb Info: Using \textmu for \micro on input line 48.

(/usr/share/texmf-dist/tex/context/base/supp-pdf.mkii
[Loading MPS to PDF converter (version 2006.09.02).]
\scratchcounter=\count134
\scratchdimen=\dimen154
\scratchbox=\box36
\nofMPsegments=\count135
\nofMParguments=\count136
\everyMPshowfont=\toks34
\MPscratchCnt=\count137
\MPscratchDim=\dimen155
\MPnumerator=\count138
\makeMPintoPDFobject=\count139
\everyMPtoPDFconversion=\toks35
)
Package caption Info: Begin \AtBeginDocument code.
Package caption Info: hyperref package is loaded.
Package caption Info: listings package is loaded.
Package caption Info: rotating package is loaded.
Package caption Info: wrapfig package is loaded.
Package caption Info: End \AtBeginDocument code.
\AtBeginShipoutBox=\box37
Package hyperref Info: Link coloring OFF on input line 48.
 (/usr/share/texmf-dist/tex/latex/hyperref/nameref.sty
Package: nameref 2012/10/27 v2.43 Cross-referencing by name of section

(/usr/share/texmf-dist/tex/generic/oberdiek/gettitlestring.sty
Package: gettitlestring 2010/12/03 v1.4 Cleanup title references (HO)
)
\c@section@level=\count140
LaTeX Info: Redefining \Ref on input line 513.
)
LaTeX Info: Redefining \ref on input line 48.
LaTeX Info: Redefining \pageref on input line 48.
LaTeX Info: Redefining \nameref on input line 48.

(./formula_sae_esf.out) (./formula_sae_esf.out)
\@outlinefile=\write4
\openout4 = `formula_sae_esf.out'.

LaTeX Info: Redefining \Ref on input line 48.

*geometry* driver: auto-detecting
*geometry* detected driver: pdftex
*geometry* verbose mode - [ preamble ] result:
* driver: pdftex
* paper: custom
* layout: <same size as paper>
* layoutoffset:(h,v)=(0.0pt,0.0pt)
* modes: 
* h-part:(L,W,R)=(72.26999pt, 469.75502pt, 72.26999pt)
* v-part:(T,H,B)=(72.26999pt, 650.43001pt, 72.26999pt)
* \paperwidth=614.295pt
* \paperheight=794.96999pt
* \textwidth=469.75502pt
* \textheight=650.43001pt
* \oddsidemargin=0.0pt
* \evensidemargin=0.0pt
* \topmargin=-37.0pt
* \headheight=12.0pt
* \headsep=25.0pt
* \topskip=10.0pt
* \footskip=30.0pt
* \marginparwidth=65.0pt
* \marginparsep=11.0pt
* \columnsep=10.0pt
* \skip\footins=9.0pt plus 4.0pt minus 2.0pt
* \hoffset=0.0pt
* \voffset=0.0pt
* \mag=1000
* \@twocolumnfalse
* \@twosidefalse
* \@mparswitchfalse
* \@reversemarginfalse
* (1in=72.27pt=25.4mm, 1cm=28.453pt)

\c@lstlisting=\count141
(/usr/share/texmf-dist/tex/latex/oberdiek/pdflscape.sty
Package: pdflscape 2008/08/11 v0.10 Display of landscape pages in PDF (HO)
Package pdflscape Info: Auto-detected driver: pdftex on input line 80.
)
<images/revo.png, id=454, 843.15pt x 276.03125pt>
File: images/revo.png Graphic file (type png)
 <use images/revo.png>
Package pdftex.def Info: images/revo.png used on input line 63.
(pdftex.def)             Requested size: 284.52756pt x 93.15019pt.
LaTeX Font Info:    Try loading font information for U+msa on input line 75.

(/usr/share/texmf-dist/tex/latex/amsfonts/umsa.fd
File: umsa.fd 2013/01/14 v3.01 AMS symbols A
)
LaTeX Font Info:    Try loading font information for U+msb on input line 75.

(/usr/share/texmf-dist/tex/latex/amsfonts/umsb.fd
File: umsb.fd 2013/01/14 v3.01 AMS symbols B
)
<images/teamPhoto.jpg, id=456, 2055.68pt x 1467.4825pt>
File: images/teamPhoto.jpg Graphic file (type jpg)

<use images/teamPhoto.jpg>
Package pdftex.def Info: images/teamPhoto.jpg used on input line 87.
(pdftex.def)             Requested size: 422.77664pt x 301.7987pt.
 [1

{/var/lib/texmf/fonts/map/pdftex/updmap/pdftex.map} <./images/revo.png> <./imag
es/teamPhoto.jpg>] (./formula_sae_esf.toc
File: images/revo.png Graphic file (type png)

<use images/revo.png>
Package pdftex.def Info: images/revo.png used on input line 52.
(pdftex.def)             Requested size: 56.9055pt x 18.6292pt.
pdfTeX warning (ext4): destination with the same identifier (name{page.i}) has 
been already used, duplicate ignored
<to be read again> 
                   \relax 
l.52 ...Position in Car}{20}{subsubsection.2.11.3}
                                                   [1]
File: images/revo.png Graphic file (type png)
 <use images/revo.png>
Package pdftex.def Info: images/revo.png used on input line 101.
(pdftex.def)             Requested size: 56.9055pt x 18.6292pt.

[2])
\tf@toc=\write5
\openout5 = `formula_sae_esf.toc'.

File: images/revo.png Graphic file (type png)
 <use images/revo.png>
Package pdftex.def Info: images/revo.png used on input line 96.
(pdftex.def)             Requested size: 56.9055pt x 18.6292pt.
 [3] (./formula_sae_esf.lof
File: images/revo.png Graphic file (type png)
 <use images/revo.png>
Package pdftex.def Info: images/revo.png used on input line 48.
(pdftex.def)             Requested size: 56.9055pt x 18.6292pt.

[4])
\tf@lof=\write6
\openout6 = `formula_sae_esf.lof'.

File: images/revo.png Graphic file (type png)
 <use images/revo.png>
Package pdftex.def Info: images/revo.png used on input line 100.
(pdftex.def)             Requested size: 56.9055pt x 18.6292pt.
 [5] (./formula_sae_esf.lot)
\tf@lot=\write7
\openout7 = `formula_sae_esf.lot'.

File: images/revo.png Graphic file (type png)
 <use images/revo.png>
Package pdftex.def Info: images/revo.png used on input line 104.
(pdftex.def)             Requested size: 56.9055pt x 18.6292pt.

[6]
File: images/revo.png Graphic file (type png)
 <use images/revo.png>
Package pdftex.def Info: images/revo.png used on input line 118.
(pdftex.def)             Requested size: 56.9055pt x 18.6292pt.
 [7]
Underfull \hbox (badness 10000) in paragraph at lines 124--125

 []


Underfull \hbox (badness 10000) in paragraph at lines 126--127

 []


Underfull \hbox (badness 10000) in paragraph at lines 128--129

 []

<images/tractiveblock.png, id=847, 798.77368pt x 486.11084pt>
File: images/tractiveblock.png Graphic file (type png)

<use images/tractiveblock.png>
Package pdftex.def Info: images/tractiveblock.png used on input line 133.
(pdftex.def)             Requested size: 650.43001pt x 395.83932pt.
File: images/revo.png Graphic file (type png)
 <use images/revo.png>
Package pdftex.def Info: images/revo.png used on input line 155.
(pdftex.def)             Requested size: 56.9055pt x 18.6292pt.
 [1]
File: images/revo.png Graphic file (type png)
 <use images/revo.png>
Package pdftex.def Info: images/revo.png used on input line 155.
(pdftex.def)             Requested size: 56.9055pt x 18.6292pt.

[2 <./images/tractiveblock.png>]
Underfull \hbox (badness 10000) in paragraph at lines 163--164

 []

File: images/revo.png Graphic file (type png)
<use images/revo.png>
Package pdftex.def Info: images/revo.png used on input line 203.
(pdftex.def)             Requested size: 56.9055pt x 18.6292pt.
 [3]
<images/shutdownswitches.png, id=862, 835.047pt x 321.273pt>
File: images/shutdownswitches.png Graphic file (type png)

<use images/shutdownswitches.png>
Package pdftex.def Info: images/shutdownswitches.png used on input line 210.
(pdftex.def)             Requested size: 469.75502pt x 180.73032pt.
File: images/revo.png Graphic file (type png)
 <use images/revo.png>
Package pdftex.def Info: images/revo.png used on input line 236.
(pdftex.def)             Requested size: 56.9055pt x 18.6292pt.
 [4 <./images/shutdownswitches.png>] <images/CONTROLPANEL_1.PNG, id=871, 604.50
844pt x 484.05844pt>
File: images/CONTROLPANEL_1.PNG Graphic file (type png)

<use images/CONTROLPANEL_1.PNG>
Package pdftex.def Info: images/CONTROLPANEL_1.PNG used on input line 239.
(pdftex.def)             Requested size: 281.85587pt x 225.6905pt.

<images/CONTROLPANEL_2.PNG, id=872, 892.08281pt x 464.4853pt>
File: images/CONTROLPANEL_2.PNG Graphic file (type png)

<use images/CONTROLPANEL_2.PNG>
Package pdftex.def Info: images/CONTROLPANEL_2.PNG used on input line 246.
(pdftex.def)             Requested size: 281.85587pt x 146.75307pt.
File: images/revo.png Graphic file (type png)
 <use images/revo.png>
Package pdftex.def Info: images/revo.png used on input line 258.
(pdftex.def)             Requested size: 56.9055pt x 18.6292pt.
 [5 <./images/CONTROLPANEL_1.PNG> <./images/CONTROLPANEL_2.PNG>]

LaTeX Warning: Reference `imdappendix' on page 6 undefined on input line 278.

<images/Only_IMD.png, id=880, 234.549pt x 325.872pt>
File: images/Only_IMD.png Graphic file (type png)
 <use images/Only_IMD.png>
Package pdftex.def Info: images/Only_IMD.png used on input line 282.
(pdftex.def)             Requested size: 187.89914pt x 261.05595pt.
File: images/revo.png Graphic file (type png)

<use images/revo.png>
Package pdftex.def Info: images/revo.png used on input line 289.
(pdftex.def)             Requested size: 56.9055pt x 18.6292pt.
 [6 <./images/Only_IMD.png>]
<images/inertia.png, id=888, 139.81465pt x 39.7485pt>
File: images/inertia.png Graphic file (type png)
 <use images/inertia.png>
Package pdftex.def Info: images/inertia.png used on input line 326.
(pdftex.def)             Requested size: 139.8143pt x 39.7484pt.
File: images/revo.png Graphic file (type png)

<use images/revo.png>
Package pdftex.def Info: images/revo.png used on input line 363.
(pdftex.def)             Requested size: 56.9055pt x 18.6292pt.
 [7 <./images/inertia.png>]
<images/BSPD.png, id=895, 500.1084pt x 300.1614pt>
File: images/BSPD.png Graphic file (type png)
 <use images/BSPD.png>
Package pdftex.def Info: images/BSPD.png used on input line 368.
(pdftex.def)             Requested size: 422.77664pt x 253.75063pt.

<images/brakeincar.jpg, id=897, 1154.3125pt x 560.0925pt>
File: images/brakeincar.jpg Graphic file (type jpg)

<use images/brakeincar.jpg>
Package pdftex.def Info: images/brakeincar.jpg used on input line 384.
(pdftex.def)             Requested size: 422.77664pt x 205.13713pt.
File: images/revo.png Graphic file (type png)
 <use images/revo.png>
Package pdftex.def Info: images/revo.png used on input line 388.
(pdftex.def)             Requested size: 56.9055pt x 18.6292pt.
 [8 <./images/BSPD.png>]
<images/brakesensor.jpg, id=903, 887.315pt x 560.0925pt>
File: images/brakesensor.jpg Graphic file (type jpg)

<use images/brakesensor.jpg>
Package pdftex.def Info: images/brakesensor.jpg used on input line 391.
(pdftex.def)             Requested size: 422.77664pt x 266.8586pt.

Underfull \hbox (badness 10000) in paragraph at lines 402--403

 []

File: images/revo.png Graphic file (type png)
<use images/revo.png>
Package pdftex.def Info: images/revo.png used on input line 405.
(pdftex.def)             Requested size: 56.9055pt x 18.6292pt.
 [9 <./images/brakeincar.jpg> <./images/brakesensor.jpg>]
Underfull \hbox (badness 10000) in paragraph at lines 409--410

 []


Underfull \hbox (badness 10000) in paragraph at lines 412--413

 []

<images/interlocks.png, id=911, 171.42444pt x 63.30852pt>
File: images/interlocks.png Graphic file (type png)

<use images/interlocks.png>
Package pdftex.def Info: images/interlocks.png used on input line 434.
(pdftex.def)             Requested size: 171.42401pt x 63.30835pt.

<images/MSD.png, id=912, 390.45876pt x 416.55624pt>
File: images/MSD.png Graphic file (type png)
 <use images/MSD.png>
Package pdftex.def Info: images/MSD.png used on input line 441.
(pdftex.def)             Requested size: 140.92793pt x 150.34785pt.
File: images/revo.png Graphic file (type png)

<use images/revo.png>
Package pdftex.def Info: images/revo.png used on input line 445.
(pdftex.def)             Requested size: 56.9055pt x 18.6292pt.
 [10 <./images/interlocks.png>]
<images/TSALshining.png, id=919, 396.48125pt x 273.02pt>
File: images/TSALshining.png Graphic file (type png)

<use images/TSALshining.png>
Package pdftex.def Info: images/TSALshining.png used on input line 458.
(pdftex.def)             Requested size: 234.8775pt x 161.74278pt.
File: images/revo.png Graphic file (type png)
 <use images/revo.png>
Package pdftex.def Info: images/revo.png used on input line 480.
(pdftex.def)             Requested size: 56.9055pt x 18.6292pt.
 [11 <./images/MSD.png> <./images/TSALshining.png>]
<images/TSAL_FSAE.png, id=925, 422.88274pt x 342.35332pt>
File: images/TSAL_FSAE.png Graphic file (type png)

<use images/TSAL_FSAE.png>
Package pdftex.def Info: images/TSAL_FSAE.png used on input line 490.
(pdftex.def)             Requested size: 328.82707pt x 266.20914pt.
File: images/revo.png Graphic file (type png)
 <use images/revo.png>
Package pdftex.def Info: images/revo.png used on input line 509.
(pdftex.def)             Requested size: 56.9055pt x 18.6292pt.
 [12 <./images/TSAL_FSAE.png>]
<images/TSMP.png, id=932, 177.61742pt x 234.59953pt>
File: images/TSMP.png Graphic file (type png)
 <use images/TSMP.png>
Package pdftex.def Info: images/TSMP.png used on input line 523.
(pdftex.def)             Requested size: 177.61697pt x 234.59895pt.

Underfull \hbox (badness 10000) in paragraph at lines 528--529

 []

File: images/revo.png Graphic file (type png)
<use images/revo.png>
Package pdftex.def Info: images/revo.png used on input line 542.
(pdftex.def)             Requested size: 56.9055pt x 18.6292pt.
 [13 <./images/TSMP.png>]
Underfull \hbox (badness 10000) in paragraph at lines 544--545

 []

<images/precharge.png, id=945, 886.41934pt x 552.8655pt>
File: images/precharge.png Graphic file (type png)

<use images/precharge.png>
Package pdftex.def Info: images/precharge.png used on input line 570.
(pdftex.def)             Requested size: 650.43001pt x 405.68903pt.

<images/PrechargeVoltage.png, id=946, 956.1321pt x 469.755pt>
File: images/PrechargeVoltage.png Graphic file (type png)

<use images/PrechargeVoltage.png>
Package pdftex.def Info: images/PrechargeVoltage.png used on input line 577.
(pdftex.def)             Requested size: 375.80544pt x 184.63011pt.
File: images/revo.png Graphic file (type png)
 <use images/revo.png>
Package pdftex.def Info: images/revo.png used on input line 581.
(pdftex.def)             Requested size: 56.9055pt x 18.6292pt.
 [14]
File: images/revo.png Graphic file (type png)

<use images/revo.png>
Package pdftex.def Info: images/revo.png used on input line 581.
(pdftex.def)             Requested size: 56.9055pt x 18.6292pt.
 [15 <./images/precharge.png>]
File: images/revo.png Graphic file (type png)
 <use images/revo.png>
Package pdftex.def Info: images/revo.png used on input line 627.
(pdftex.def)             Requested size: 56.9055pt x 18.6292pt.

[16 <./images/PrechargeVoltage.png>]

! LaTeX Error: File `discharge' not found.

See the LaTeX manual or LaTeX Companion for explanation.
Type  H <return>  for immediate help.
 ...                                              
                                                  
l.634                 \includegraphics{discharge}
                                                 
? 
Package epstopdf Info: Source file: <experimental_discharge.eps>
(epstopdf)                    date: 2016-03-20 15:14:20
(epstopdf)                    size: 14560 bytes
(epstopdf)             Output file: <experimental_discharge-eps-converted-to.pd
f>
(epstopdf)                    date: 2016-03-20 15:14:20
(epstopdf)                    size: 8326 bytes
(epstopdf)             Command: <repstopdf --outfile=experimental_discharge-eps
-converted-to.pdf experimental_discharge.eps>
(epstopdf)             \includegraphics on input line 643.
Package epstopdf Info: Output file is already uptodate.

<experimental_discharge-eps-converted-to.pdf, id=968, 571.13374pt x 311.1625pt>
File: experimental_discharge-eps-converted-to.pdf Graphic file (type pdf)
<use experimental_discharge-eps-converted-to.pdf>
Package pdftex.def Info: experimental_discharge-eps-converted-to.pdf used on in
put line 643.
(pdftex.def)             Requested size: 375.80544pt x 204.7459pt.
Package epstopdf Info: Source file: <voltage.eps>
(epstopdf)                    date: 2016-03-20 15:14:20
(epstopdf)                    size: 17541 bytes
(epstopdf)             Output file: <voltage-eps-converted-to.pdf>
(epstopdf)                    date: 2016-03-20 15:14:20
(epstopdf)                    size: 9049 bytes
(epstopdf)             Command: <repstopdf --outfile=voltage-eps-converted-to.p
df voltage.eps>
(epstopdf)             \includegraphics on input line 666.
Package epstopdf Info: Output file is already uptodate.

<voltage-eps-converted-to.pdf, id=970, 578.16pt x 348.30125pt>
File: voltage-eps-converted-to.pdf Graphic file (type pdf)

<use voltage-eps-converted-to.pdf>
Package pdftex.def Info: voltage-eps-converted-to.pdf used on input line 666.
(pdftex.def)             Requested size: 375.80544pt x 226.39313pt.
File: images/revo.png Graphic file (type png)
 <use images/revo.png>
Package pdftex.def Info: images/revo.png used on input line 670.
(pdftex.def)             Requested size: 56.9055pt x 18.6292pt.
 [17 <./experimental_discharge-eps-converted-to.pdf>]
Package epstopdf Info: Source file: <current.eps>
(epstopdf)                    date: 2016-03-20 15:14:20
(epstopdf)                    size: 17478 bytes
(epstopdf)             Output file: <current-eps-converted-to.pdf>
(epstopdf)                    date: 2016-03-20 15:14:20
(epstopdf)                    size: 8525 bytes
(epstopdf)             Command: <repstopdf --outfile=current-eps-converted-to.p
df current.eps>
(epstopdf)             \includegraphics on input line 673.
Package epstopdf Info: Output file is already uptodate.

<current-eps-converted-to.pdf, id=992, 576.1525pt x 345.29pt>
File: current-eps-converted-to.pdf Graphic file (type pdf)

<use current-eps-converted-to.pdf>
Package pdftex.def Info: current-eps-converted-to.pdf used on input line 673.
(pdftex.def)             Requested size: 375.80544pt x 225.2314pt.
File: images/revo.png Graphic file (type png)
 <use images/revo.png>
Package pdftex.def Info: images/revo.png used on input line 695.
(pdftex.def)             Requested size: 56.9055pt x 18.6292pt.
 [18 <./voltage-eps-converted-to.pdf> <./current-eps-converted-to.pdf>]
<images/Discharge_PCB.png, id=1014, 395.4775pt x 326.21875pt>
File: images/Discharge_PCB.png Graphic file (type png)

<use images/Discharge_PCB.png>
Package pdftex.def Info: images/Discharge_PCB.png used on input line 704.
(pdftex.def)             Requested size: 281.85587pt x 232.49797pt.

<images/anderson_hvd_interlock.PNG, id=1016, 739.26187pt x 501.37312pt>
File: images/anderson_hvd_interlock.PNG Graphic file (type png)

<use images/anderson_hvd_interlock.PNG>
Package pdftex.def Info: images/anderson_hvd_interlock.PNG used on input line 7
19.
(pdftex.def)             Requested size: 117.43875pt x 79.64755pt.
File: images/revo.png Graphic file (type png)
 <use images/revo.png>
Package pdftex.def Info: images/revo.png used on input line 723.
(pdftex.def)             Requested size: 56.9055pt x 18.6292pt.
 [19 <./images/Discharge_PCB.png>] <images/HVD.png, id=1023, 287.69019pt x 198.
46454pt>
File: images/HVD.png Graphic file (type png)

<use images/HVD.png>
Package pdftex.def Info: images/HVD.png used on input line 730.
(pdftex.def)             Requested size: 352.31625pt x 243.04698pt.

<images/hvd_position.jpg, id=1025, 475.7775pt x 349.90726pt>
File: images/hvd_position.jpg Graphic file (type jpg)

<use images/hvd_position.jpg>
Package pdftex.def Info: images/hvd_position.jpg used on input line 742.
(pdftex.def)             Requested size: 281.85587pt x 207.29774pt.
File: images/revo.png Graphic file (type png)
 <use images/revo.png>
Package pdftex.def Info: images/revo.png used on input line 746.
(pdftex.def)             Requested size: 56.9055pt x 18.6292pt.
 [20 <./images/anderson_hvd_interlock.PNG> <./images/HVD.png>]
<images/R2Dsoundbuzzerschem.png, id=1034, 368.93835pt x 202.71735pt>
File: images/R2Dsoundbuzzerschem.png Graphic file (type png)

<use images/R2Dsoundbuzzerschem.png>
Package pdftex.def Info: images/R2Dsoundbuzzerschem.png used on input line 759.

(pdftex.def)             Requested size: 422.77664pt x 232.3189pt.
File: images/revo.png Graphic file (type png)
 <use images/revo.png>
Package pdftex.def Info: images/revo.png used on input line 763.
(pdftex.def)             Requested size: 56.9055pt x 18.6292pt.
 [21 <./images/hvd_position.jpg>]
File: images/revo.png Graphic file (type png)
 <use images/revo.png>
Package pdftex.def Info: images/revo.png used on input line 782.
(pdftex.def)             Requested size: 56.9055pt x 18.6292pt.
 [22 <./images/R2Dsoundbuzzerschem.png>]
<images/accumulatorlocation.png, id=1054, 1114.1625pt x 614.295pt>
File: images/accumulatorlocation.png Graphic file (type png)

<use images/accumulatorlocation.png>
Package pdftex.def Info: images/accumulatorlocation.png used on input line 817.

(pdftex.def)             Requested size: 328.82707pt x 181.2998pt.
File: images/revo.png Graphic file (type png)
 <use images/revo.png>
Package pdftex.def Info: images/revo.png used on input line 846.
(pdftex.def)             Requested size: 56.9055pt x 18.6292pt.
 [23 <./images/accumulatorlocation.png>] <images/moduleschem.png, id=1060, 139.
2402pt x 134.6631pt>
File: images/moduleschem.png Graphic file (type png)

<use images/moduleschem.png>
Package pdftex.def Info: images/moduleschem.png used on input line 855.
(pdftex.def)             Requested size: 139.23985pt x 134.66277pt.

<images/OpenModule.jpg, id=1064, 3613.5pt x 2409.0pt>
File: images/OpenModule.jpg Graphic file (type jpg)

<use images/OpenModule.jpg>
Package pdftex.def Info: images/OpenModule.jpg used on input line 864.
(pdftex.def)             Requested size: 281.85587pt x 187.87184pt.
File: images/revo.png Graphic file (type png)
 <use images/revo.png>
Package pdftex.def Info: images/revo.png used on input line 868.
(pdftex.def)             Requested size: 56.9055pt x 18.6292pt.
 [24 <./images/moduleschem.png>] <images/busbar_routing.PNG, id=1070, 758.08218
pt x 478.03593pt>
File: images/busbar_routing.PNG Graphic file (type png)

<use images/busbar_routing.PNG>
Package pdftex.def Info: images/busbar_routing.PNG used on input line 873.
(pdftex.def)             Requested size: 281.85587pt x 177.73123pt.

<images/celltemp.png, id=1073, 262.11774pt x 393.59354pt>
File: images/celltemp.png Graphic file (type png)

<use images/celltemp.png>
Package pdftex.def Info: images/celltemp.png used on input line 888.
(pdftex.def)             Requested size: 234.8775pt x 352.69943pt.
File: images/revo.png Graphic file (type png)
 <use images/revo.png>
Package pdftex.def Info: images/revo.png used on input line 891.
(pdftex.def)             Requested size: 56.9055pt x 18.6292pt.
 [25 <./images/OpenModule.jpg> <./images/busbar_routing.PNG>]
Underfull \hbox (badness 10000) in paragraph at lines 905--906

 []


Underfull \hbox (badness 10000) in paragraph at lines 907--908

 []


Underfull \hbox (badness 10000) in paragraph at lines 909--910

 []

File: images/revo.png Graphic file (type png)
<use images/revo.png>
Package pdftex.def Info: images/revo.png used on input line 910.
(pdftex.def)             Requested size: 56.9055pt x 18.6292pt.
 [26 <./images/celltemp.png>]
<images/bms_final1_PCBCAD.png, id=1089, 550.055pt x 539.01375pt>
File: images/bms_final1_PCBCAD.png Graphic file (type png)

<use images/bms_final1_PCBCAD.png>
Package pdftex.def Info: images/bms_final1_PCBCAD.png used on input line 917.
(pdftex.def)             Requested size: 328.82707pt x 322.2346pt.

<images/bms_separation_detail.png, id=1090, 744.7825pt x 612.2875pt>
File: images/bms_separation_detail.png Graphic file (type png)

<use images/bms_separation_detail.png>
Package pdftex.def Info: images/bms_separation_detail.png used on input line 92
5.
(pdftex.def)             Requested size: 375.80544pt x 308.95517pt.
File: images/revo.png Graphic file (type png)
 <use images/revo.png>
Package pdftex.def Info: images/revo.png used on input line 929.
(pdftex.def)             Requested size: 56.9055pt x 18.6292pt.
 [27 <./images/bms_final1_PCBCAD.png>]
<images/CellTopSchem.png, id=1099, 624.3325pt x 603.25375pt>
File: images/CellTopSchem.png Graphic file (type png)

<use images/CellTopSchem.png>
Package pdftex.def Info: images/CellTopSchem.png used on input line 934.
(pdftex.def)             Requested size: 187.89914pt x 181.54822pt.

<images/CellTopLH.png, id=1100, 627.34375pt x 617.30624pt>
File: images/CellTopLH.png Graphic file (type png)

<use images/CellTopLH.png>
Package pdftex.def Info: images/CellTopLH.png used on input line 943.
(pdftex.def)             Requested size: 187.89914pt x 184.89188pt.
File: images/revo.png Graphic file (type png)
 <use images/revo.png>
Package pdftex.def Info: images/revo.png used on input line 947.
(pdftex.def)             Requested size: 56.9055pt x 18.6292pt.
 [28 <./images/bms_separation_detail.png> <./images/CellTopSchem.png>]
<images/CellTopRH.png, id=1106, 616.3025pt x 616.3025pt>
File: images/CellTopRH.png Graphic file (type png)

<use images/CellTopRH.png>
Package pdftex.def Info: images/CellTopRH.png used on input line 950.
(pdftex.def)             Requested size: 187.89914pt x 187.89204pt.

<images/batterybox_topview.PNG, id=1107, 658.71094pt x 521.69907pt>
File: images/batterybox_topview.PNG Graphic file (type png)

<use images/batterybox_topview.PNG>
Package pdftex.def Info: images/batterybox_topview.PNG used on input line 957.
(pdftex.def)             Requested size: 281.85587pt x 223.23563pt.
File: images/revo.png Graphic file (type png)
 <use images/revo.png>
Package pdftex.def Info: images/revo.png used on input line 961.
(pdftex.def)             Requested size: 56.9055pt x 18.6292pt.
 [29 <./images/CellTopLH.png> <./images/CellTopRH.png>]
<images/ai.png, id=1113, 520.94624pt x 718.685pt>
File: images/ai.png Graphic file (type png)
 <use images/ai.png>
Package pdftex.def Info: images/ai.png used on input line 971.
(pdftex.def)             Requested size: 140.92793pt x 194.4204pt.
File: images/revo.png Graphic file (type png)

<use images/revo.png>
Package pdftex.def Info: images/revo.png used on input line 1002.
(pdftex.def)             Requested size: 56.9055pt x 18.6292pt.
 [30 <./images/batterybox_topview.PNG> <./images/ai.png (PNG copy)>] <images/ms
d_highres.jpg, id=1126, 1604.99625pt x 1606.0pt>
File: images/msd_highres.jpg Graphic file (type jpg)

<use images/msd_highres.jpg>
Package pdftex.def Info: images/msd_highres.jpg used on input line 1012.
(pdftex.def)             Requested size: 234.8775pt x 235.00827pt.
File: images/revo.png Graphic file (type png)
 <use images/revo.png>
Package pdftex.def Info: images/revo.png used on input line 1039.
(pdftex.def)             Requested size: 56.9055pt x 18.6292pt.
 [31 <./images/msd_highres.jpg>] <images/AIRswitching.png, id=1132, 585.18625pt
 x 575.14874pt>
File: images/AIRswitching.png Graphic file (type png)

<use images/AIRswitching.png>
Package pdftex.def Info: images/AIRswitching.png used on input line 1042.
(pdftex.def)             Requested size: 328.82707pt x 323.19566pt.
File: images/revo.png Graphic file (type png)
 <use images/revo.png>
Package pdftex.def Info: images/revo.png used on input line 1065.
(pdftex.def)             Requested size: 56.9055pt x 18.6292pt.
 [32 <./images/AIRswitching.png>]
File: images/revo.png Graphic file (type png)
 <use images/revo.png>
Package pdftex.def Info: images/revo.png used on input line 1125.
(pdftex.def)             Requested size: 56.9055pt x 18.6292pt.
 [33]
<images/TSfuseT-Agraph.png, id=1142, 399.4925pt x 771.88374pt>
File: images/TSfuseT-Agraph.png Graphic file (type png)

<use images/TSfuseT-Agraph.png>
Package pdftex.def Info: images/TSfuseT-Agraph.png used on input line 1144.
(pdftex.def)             Requested size: 162.6075pt x 314.17767pt.
File: images/revo.png Graphic file (type png)
 <use images/revo.png>
Package pdftex.def Info: images/revo.png used on input line 1169.
(pdftex.def)             Requested size: 56.9055pt x 18.6292pt.
 [34 <./images/TSfuseT-Agraph.png>]
Underfull \hbox (badness 10000) in paragraph at lines 1191--1192

 []


Underfull \hbox (badness 10000) in paragraph at lines 1193--1194

 []


Underfull \hbox (badness 10000) in paragraph at lines 1195--1196

 []

<images/chargepic.png, id=1148, 393.47pt x 388.45125pt>
File: images/chargepic.png Graphic file (type png)

<use images/chargepic.png>
Package pdftex.def Info: images/chargepic.png used on input line 1202.
(pdftex.def)             Requested size: 234.8775pt x 231.88115pt.
File: images/revo.png Graphic file (type png)
 <use images/revo.png>
Package pdftex.def Info: images/revo.png used on input line 1206.
(pdftex.def)             Requested size: 56.9055pt x 18.6292pt.
 [35]
Underfull \hbox (badness 10000) in paragraph at lines 1211--1212

 []

<images/accumulator_frame.png, id=1158, 617.30624pt x 602.25pt>
File: images/accumulator_frame.png Graphic file (type png)

<use images/accumulator_frame.png>
Package pdftex.def Info: images/accumulator_frame.png used on input line 1217.
(pdftex.def)             Requested size: 234.8775pt x 229.15144pt.
File: images/revo.png Graphic file (type png)
 <use images/revo.png>
Package pdftex.def Info: images/revo.png used on input line 1221.
(pdftex.def)             Requested size: 56.9055pt x 18.6292pt.
 [36 <./images/chargepic.png>] <images/cellmount_cutaway.png, id=1163, 1134.237
5pt x 645.41125pt>
File: images/cellmount_cutaway.png Graphic file (type png)

<use images/cellmount_cutaway.png>
Package pdftex.def Info: images/cellmount_cutaway.png used on input line 1224.
(pdftex.def)             Requested size: 234.8775pt x 133.6495pt.

<images/cellmount_exploded.png, id=1164, 963.6pt x 744.53156pt>
File: images/cellmount_exploded.png Graphic file (type png)

<use images/cellmount_exploded.png>
Package pdftex.def Info: images/cellmount_exploded.png used on input line 1231.

(pdftex.def)             Requested size: 234.8775pt x 181.47458pt.
File: images/revo.png Graphic file (type png)
 <use images/revo.png>
Package pdftex.def Info: images/revo.png used on input line 1235.
(pdftex.def)             Requested size: 56.9055pt x 18.6292pt.
 [37 <./images/accumulator_frame.png> <./images/cellmount_cutaway.png>]
File: images/revo.png Graphic file (type png)
 <use images/revo.png>
Package pdftex.def Info: images/revo.png used on input line 1243.
(pdftex.def)             Requested size: 56.9055pt x 18.6292pt.

[38 <./images/cellmount_exploded.png>]
File: images/revo.png Graphic file (type png)
 <use images/revo.png>
Package pdftex.def Info: images/revo.png used on input line 1263.
(pdftex.def)             Requested size: 56.9055pt x 18.6292pt.
 [39]
<images/motorcontrollers_separate.PNG, id=1181, 1005.00468pt x 525.46312pt>
File: images/motorcontrollers_separate.PNG Graphic file (type png)

<use images/motorcontrollers_separate.PNG>
Package pdftex.def Info: images/motorcontrollers_separate.PNG used on input lin
e 1275.
(pdftex.def)             Requested size: 328.82707pt x 171.92004pt.

<images/motorcontroller.png, id=1183, 278.51746pt x 299.9205pt>
File: images/motorcontroller.png Graphic file (type png)

<use images/motorcontroller.png>
Package pdftex.def Info: images/motorcontroller.png used on input line 1321.
(pdftex.def)             Requested size: 352.31625pt x 379.41203pt.
File: images/revo.png Graphic file (type png)
 <use images/revo.png>
Package pdftex.def Info: images/revo.png used on input line 1325.
(pdftex.def)             Requested size: 56.9055pt x 18.6292pt.
 [40 <./images/motorcontrollers_separate.PNG>]
<images/motorcontroller_sideview.PNG, id=1194, 543.53062pt x 517.935pt>
File: images/motorcontroller_sideview.PNG Graphic file (type png)

<use images/motorcontroller_sideview.PNG>
Package pdftex.def Info: images/motorcontroller_sideview.PNG used on input line
 1337.
(pdftex.def)             Requested size: 281.85587pt x 268.59276pt.
File: images/revo.png Graphic file (type png)
 <use images/revo.png>
Package pdftex.def Info: images/revo.png used on input line 1341.
(pdftex.def)             Requested size: 56.9055pt x 18.6292pt.
 [41 <./images/motorcontroller.png>]
<images/motorcontroller_isoview.PNG, id=1201, 812.28468pt x 504.38437pt>
File: images/motorcontroller_isoview.PNG Graphic file (type png)

<use images/motorcontroller_isoview.PNG>
Package pdftex.def Info: images/motorcontroller_isoview.PNG used on input line 
1344.
(pdftex.def)             Requested size: 281.85587pt x 175.0133pt.

<images/motorcontroller_rearview.PNG, id=1202, 755.82375pt x 453.94594pt>
File: images/motorcontroller_rearview.PNG Graphic file (type png)

<use images/motorcontroller_rearview.PNG>
Package pdftex.def Info: images/motorcontroller_rearview.PNG used on input line
 1351.
(pdftex.def)             Requested size: 281.85587pt x 169.28035pt.
File: images/revo.png Graphic file (type png)
 <use images/revo.png>
Package pdftex.def Info: images/revo.png used on input line 1355.
(pdftex.def)             Requested size: 56.9055pt x 18.6292pt.
 [42 <./images/motorcontroller_sideview.PNG> <./images/motorcontroller_isoview.
PNG>]
File: images/revo.png Graphic file (type png)

<use images/revo.png>
Package pdftex.def Info: images/revo.png used on input line 1360.
(pdftex.def)             Requested size: 56.9055pt x 18.6292pt.
 [43 <./images/motorcontroller_rearview.PNG>]
<images/motor_isorear.PNG, id=1216, 505.13719pt x 518.6878pt>
File: images/motor_isorear.PNG Graphic file (type png)

<use images/motor_isorear.PNG>
Package pdftex.def Info: images/motor_isorear.PNG used on input line 1372.
(pdftex.def)             Requested size: 375.80544pt x 385.88866pt.
File: images/revo.png Graphic file (type png)
 <use images/revo.png>
Package pdftex.def Info: images/revo.png used on input line 1397.
(pdftex.def)             Requested size: 56.9055pt x 18.6292pt.
 [44 <./images/motor_isorear.PNG>] <images/fx-motor-power-torque.PNG, id=1224, 
580.1675pt x 307.1475pt>
File: images/fx-motor-power-torque.PNG Graphic file (type png)

<use images/fx-motor-power-torque.PNG>
Package pdftex.def Info: images/fx-motor-power-torque.PNG used on input line 14
05.
(pdftex.def)             Requested size: 352.31625pt x 186.52078pt.

<images/motormount_sideview.PNG, id=1230, 717.43031pt x 493.0922pt>
File: images/motormount_sideview.PNG Graphic file (type png)

<use images/motormount_sideview.PNG>
Package pdftex.def Info: images/motormount_sideview.PNG used on input line 1424
.
(pdftex.def)             Requested size: 281.85587pt x 193.71968pt.
File: images/revo.png Graphic file (type png)
 <use images/revo.png>
Package pdftex.def Info: images/revo.png used on input line 1428.
(pdftex.def)             Requested size: 56.9055pt x 18.6292pt.
 [45 <./images/fx-motor-power-torque.PNG>]
<images/motormount_rearview.PNG, id=1236, 610.53094pt x 476.53032pt>
File: images/motormount_rearview.PNG Graphic file (type png)

<use images/motormount_rearview.PNG>
Package pdftex.def Info: images/motormount_rearview.PNG used on input line 1431
.
(pdftex.def)             Requested size: 281.85587pt x 219.99918pt.

<images/motormount_isoview.PNG, id=1237, 750.55406pt x 472.01344pt>
File: images/motormount_isoview.PNG Graphic file (type png)

<use images/motormount_isoview.PNG>
Package pdftex.def Info: images/motormount_isoview.PNG used on input line 1438.

(pdftex.def)             Requested size: 281.85587pt x 177.25668pt.
File: images/revo.png Graphic file (type png)
 <use images/revo.png>
Package pdftex.def Info: images/revo.png used on input line 1442.
(pdftex.def)             Requested size: 56.9055pt x 18.6292pt.
 [46 <./images/motormount_sideview.PNG> <./images/motormount_rearview.PNG>]
File: images/revo.png Graphic file (type png)
 <use images/revo.png>
Package pdftex.def Info: images/revo.png used on input line 1447.
(pdftex.def)             Requested size: 56.9055pt x 18.6292pt.

[47 <./images/motormount_isoview.PNG>]
<images/CANtorque.png, id=1252, 251.27724pt x 278.2395pt>
File: images/CANtorque.png Graphic file (type png)

<use images/CANtorque.png>
Package pdftex.def Info: images/CANtorque.png used on input line 1472.
(pdftex.def)             Requested size: 251.27663pt x 278.23882pt.

Underfull \hbox (badness 10000) in paragraph at lines 1481--1482

 []

File: images/revo.png Graphic file (type png)
<use images/revo.png>
Package pdftex.def Info: images/revo.png used on input line 1484.
(pdftex.def)             Requested size: 56.9055pt x 18.6292pt.
 [48 <./images/CANtorque.png>]
<images/torquebrakecheck.png, id=1259, 267.98497pt x 271.50081pt>
File: images/torquebrakecheck.png Graphic file (type png)

<use images/torquebrakecheck.png>
Package pdftex.def Info: images/torquebrakecheck.png used on input line 1491.
(pdftex.def)             Requested size: 267.9843pt x 271.50014pt.

<images/torqueencoder.png, id=1260, 475.7775pt x 564.60938pt>
File: images/torqueencoder.png Graphic file (type png)

<use images/torqueencoder.png>
Package pdftex.def Info: images/torqueencoder.png used on input line 1506.
(pdftex.def)             Requested size: 234.8775pt x 278.73727pt.
File: images/revo.png Graphic file (type png)
 <use images/revo.png>
Package pdftex.def Info: images/revo.png used on input line 1510.
(pdftex.def)             Requested size: 56.9055pt x 18.6292pt.
 [49 <./images/torquebrakecheck.png>] <images/torqueside.png, id=1266, 657.2053
pt x 465.23813pt>
File: images/torqueside.png Graphic file (type png)

<use images/torqueside.png>
Package pdftex.def Info: images/torqueside.png used on input line 1513.
(pdftex.def)             Requested size: 328.82707pt x 232.78175pt.

<images/torquefullcar.png, id=1267, 855.195pt x 394.47375pt>
File: images/torquefullcar.png Graphic file (type png)

<use images/torquefullcar.png>
Package pdftex.def Info: images/torquefullcar.png used on input line 1520.
(pdftex.def)             Requested size: 328.82707pt x 151.67723pt.
File: images/revo.png Graphic file (type png)
 <use images/revo.png>
Package pdftex.def Info: images/revo.png used on input line 1524.
(pdftex.def)             Requested size: 56.9055pt x 18.6292pt.
 [50 <./images/torqueencoder.png> <./images/torqueside.png>]
File: images/revo.png Graphic file (type png)
 <use images/revo.png>
Package pdftex.def Info: images/revo.png used on input line 1525.
(pdftex.def)             Requested size: 56.9055pt x 18.6292pt.
 [51 <./images/torquefullcar.png>] <images/CANnodepower.png, id=1276, 410.18108
pt x 300.01816pt>
File: images/CANnodepower.png Graphic file (type png)

<use images/CANnodepower.png>
Package pdftex.def Info: images/CANnodepower.png used on input line 1540.
(pdftex.def)             Requested size: 410.18007pt x 300.01741pt.

<images/GLV_DCDC.PNG, id=1279, 915.42pt x 432.86719pt>
File: images/GLV_DCDC.PNG Graphic file (type png)

<use images/GLV_DCDC.PNG>
Package pdftex.def Info: images/GLV_DCDC.PNG used on input line 1554.
(pdftex.def)             Requested size: 281.85587pt x 133.27594pt.
File: images/revo.png Graphic file (type png)
 <use images/revo.png>
Package pdftex.def Info: images/revo.png used on input line 1558.
(pdftex.def)             Requested size: 56.9055pt x 18.6292pt.
 [52 <./images/CANnodepower.png>]
Underfull \hbox (badness 10000) in paragraph at lines 1563--1564

 []


Underfull \hbox (badness 10000) in paragraph at lines 1565--1566

 []


Underfull \hbox (badness 10000) in paragraph at lines 1567--1568

 []

<images/CANdashboard.png, id=1285, 314.86281pt x 291.03325pt>
File: images/CANdashboard.png Graphic file (type png)

<use images/CANdashboard.png>
Package pdftex.def Info: images/CANdashboard.png used on input line 1575.
(pdftex.def)             Requested size: 375.80544pt x 347.38187pt.
File: images/revo.png Graphic file (type png)
 <use images/revo.png>
Package pdftex.def Info: images/revo.png used on input line 1579.
(pdftex.def)             Requested size: 56.9055pt x 18.6292pt.
 [53 <./images/GLV_DCDC.PNG>] <images/Dashboard.JPG, id=1293, 1923.185pt x 904.
37875pt>
File: images/Dashboard.JPG Graphic file (type jpg)

<use images/Dashboard.JPG>
Package pdftex.def Info: images/Dashboard.JPG used on input line 1588.
(pdftex.def)             Requested size: 328.82707pt x 154.62553pt.
File: images/revo.png Graphic file (type png)
 <use images/revo.png>
Package pdftex.def Info: images/revo.png used on input line 1592.
(pdftex.def)             Requested size: 56.9055pt x 18.6292pt.
 [54 <./images/CANdashboard.png>] <images/IMDandCANschem.png, id=1299, 502.7648
2pt x 341.42693pt>
File: images/IMDandCANschem.png Graphic file (type png)

<use images/IMDandCANschem.png>
Package pdftex.def Info: images/IMDandCANschem.png used on input line 1603.
(pdftex.def)             Requested size: 375.80544pt x 255.21516pt.

Underfull \hbox (badness 10000) in paragraph at lines 1608--1609

 []

File: images/revo.png Graphic file (type png)
<use images/revo.png>
Package pdftex.def Info: images/revo.png used on input line 1609.
(pdftex.def)             Requested size: 56.9055pt x 18.6292pt.
 [55 <./images/Dashboard.JPG> <./images/IMDandCANschem.png>]
Underfull \hbox (badness 10000) in paragraph at lines 1610--1611

 []


Underfull \hbox (badness 10000) in paragraph at lines 1612--1613

 []

File: images/revo.png Graphic file (type png)
<use images/revo.png>
Package pdftex.def Info: images/revo.png used on input line 1620.
(pdftex.def)             Requested size: 56.9055pt x 18.6292pt.
 [56]
Underfull \hbox (badness 10000) in paragraph at lines 1634--1635

 []

File: images/revo.png Graphic file (type png)
<use images/revo.png>
Package pdftex.def Info: images/revo.png used on input line 1638.
(pdftex.def)             Requested size: 56.9055pt x 18.6292pt.
 [57]
<images/ExplodedView.png, id=1315, 479.391pt x 383.5128pt>
File: images/ExplodedView.png Graphic file (type png)

<use images/ExplodedView.png>
Package pdftex.def Info: images/ExplodedView.png used on input line 1653.
(pdftex.def)             Requested size: 281.85587pt x 225.48642pt.

<images/FirewallFullCarView.png, id=1317, 479.391pt x 383.5128pt>
File: images/FirewallFullCarView.png Graphic file (type png)

<use images/FirewallFullCarView.png>
Package pdftex.def Info: images/FirewallFullCarView.png used on input line 1664
.
(pdftex.def)             Requested size: 375.80544pt x 300.64857pt.
File: images/revo.png Graphic file (type png)
 <use images/revo.png>
Package pdftex.def Info: images/revo.png used on input line 1668.
(pdftex.def)             Requested size: 56.9055pt x 18.6292pt.
 [58 <./images/ExplodedView.png>]
File: images/revo.png Graphic file (type png)
 <use images/revo.png>
Package pdftex.def Info: images/revo.png used on input line 1672.
(pdftex.def)             Requested size: 56.9055pt x 18.6292pt.
 [59 <./images/FirewallFullCarView.png>]
<images/IMD_datasheet_snip.png, id=1337, 387.4475pt x 616.3025pt>
File: images/IMD_datasheet_snip.png Graphic file (type png)

<use images/IMD_datasheet_snip.png>
Package pdftex.def Info: images/IMD_datasheet_snip.png used on input line 1694.

(pdftex.def)             Requested size: 292.69151pt x 465.58296pt.
File: images/revo.png Graphic file (type png)
 <use images/revo.png>
Package pdftex.def Info: images/revo.png used on input line 1698.
(pdftex.def)             Requested size: 56.9055pt x 18.6292pt.
 [60]
File: images/revo.png Graphic file (type png)

<use images/revo.png>
Package pdftex.def Info: images/revo.png used on input line 1712.
(pdftex.def)             Requested size: 56.9055pt x 18.6292pt.
 [61 <./images/IMD_datasheet_snip.png>]
<images/Dischargeres.png, id=1371, 907.39pt x 463.7325pt>
File: images/Dischargeres.png Graphic file (type png)

<use images/Dischargeres.png>
Package pdftex.def Info: images/Dischargeres.png used on input line 1740.
(pdftex.def)             Requested size: 375.80544pt x 192.05621pt.
File: images/revo.png Graphic file (type png)
 <use images/revo.png>
Package pdftex.def Info: images/revo.png used on input line 1759.
(pdftex.def)             Requested size: 56.9055pt x 18.6292pt.
 [62 <./images/Dischargeres.png>] <images/BMS_Schem.png, id=1389, 1773.62625pt 
x 1135.24126pt>
File: images/BMS_Schem.png Graphic file (type png)

<use images/BMS_Schem.png>
Package pdftex.def Info: images/BMS_Schem.png used on input line 1772.
(pdftex.def)             Requested size: 469.75502pt x 300.66428pt.
File: images/revo.png Graphic file (type png)
 <use images/revo.png>
Package pdftex.def Info: images/revo.png used on input line 1786.
(pdftex.def)             Requested size: 56.9055pt x 18.6292pt.
 [63 <./images/BMS_Schem.png>]
<images/TSmainratings.png, id=1403, 347.2975pt x 204.765pt>
File: images/TSmainratings.png Graphic file (type png)

<use images/TSmainratings.png>
Package pdftex.def Info: images/TSmainratings.png used on input line 1792.
(pdftex.def)             Requested size: 347.29665pt x 204.76448pt.
File: images/TSfuseT-Agraph.png Graphic file (type png)
 <use images/TSfuseT-Agraph.png>
Package pdftex.def Info: images/TSfuseT-Agraph.png used on input line 1799.
(pdftex.def)             Requested size: 328.82707pt x 635.37503pt.
File: images/revo.png Graphic file (type png)

<use images/revo.png>
Package pdftex.def Info: images/revo.png used on input line 1803.
(pdftex.def)             Requested size: 56.9055pt x 18.6292pt.
 [64 <./images/TSmainratings.png>]
Overfull \vbox (6.94502pt too high) has occurred while \output is active []

File: images/revo.png Graphic file (type png)

<use images/revo.png>
Package pdftex.def Info: images/revo.png used on input line 1803.
(pdftex.def)             Requested size: 56.9055pt x 18.6292pt.
 [65]
<images/Keyswitchratings.png, id=1416, 691.58376pt x 177.66376pt>
File: images/Keyswitchratings.png Graphic file (type png)

<use images/Keyswitchratings.png>
Package pdftex.def Info: images/Keyswitchratings.png used on input line 1811.
(pdftex.def)             Requested size: 281.85587pt x 72.40886pt.

<images/Keyswitchmeltingtime.png, id=1417, 586.19pt x 687.56876pt>
File: images/Keyswitchmeltingtime.png Graphic file (type png)

<use images/Keyswitchmeltingtime.png>
Package pdftex.def Info: images/Keyswitchmeltingtime.png used on input line 181
8.
(pdftex.def)             Requested size: 328.82707pt x 385.68634pt.

<images/TSsmallratings.png, id=1419, 1027.84pt x 507.8975pt>
File: images/TSsmallratings.png Graphic file (type png)

<use images/TSsmallratings.png>
Package pdftex.def Info: images/TSsmallratings.png used on input line 1828.
(pdftex.def)             Requested size: 281.85587pt x 139.27312pt.
File: images/revo.png Graphic file (type png)
 <use images/revo.png>
Package pdftex.def Info: images/revo.png used on input line 1832.
(pdftex.def)             Requested size: 56.9055pt x 18.6292pt.
 [66 <./images/Keyswitchmeltingtime.png> <./images/Keyswitchratings.png>]
<images/TSsmallmeltingtime.png, id=1424, 496.85625pt x 653.44125pt>
File: images/TSsmallmeltingtime.png Graphic file (type png)

<use images/TSsmallmeltingtime.png>
Package pdftex.def Info: images/TSsmallmeltingtime.png used on input line 1835.

(pdftex.def)             Requested size: 281.85587pt x 370.6906pt.

<images/GLVmainratings.png, id=1426, 1328.965pt x 421.575pt>
File: images/GLVmainratings.png Graphic file (type png)

<use images/GLVmainratings.png>
Package pdftex.def Info: images/GLVmainratings.png used on input line 1845.
(pdftex.def)             Requested size: 281.85587pt x 89.4082pt.
File: images/revo.png Graphic file (type png)
 <use images/revo.png>
Package pdftex.def Info: images/revo.png used on input line 1849.
(pdftex.def)             Requested size: 56.9055pt x 18.6292pt.
 [67 <./images/TSsmallratings.png> <./images/TSsmallmeltingtime.png>]
<images/glvmainmeltingtime.png, id=1432, 921.4425pt x 761.84625pt>
File: images/glvmainmeltingtime.png Graphic file (type png)

<use images/glvmainmeltingtime.png>
Package pdftex.def Info: images/glvmainmeltingtime.png used on input line 1852.

(pdftex.def)             Requested size: 281.85587pt x 233.03119pt.

<images/AMSfuseratings.png, id=1434, 992.70876pt x 462.72874pt>
File: images/AMSfuseratings.png Graphic file (type png)

<use images/AMSfuseratings.png>
Package pdftex.def Info: images/AMSfuseratings.png used on input line 1862.
(pdftex.def)             Requested size: 281.85587pt x 131.37775pt.

<images/amsfuseapprovals.png, id=1435, 585.18625pt x 244.915pt>
File: images/amsfuseapprovals.png Graphic file (type png)

<use images/amsfuseapprovals.png>
Package pdftex.def Info: images/amsfuseapprovals.png used on input line 1869.
(pdftex.def)             Requested size: 281.85587pt x 117.96893pt.
File: images/revo.png Graphic file (type png)
 <use images/revo.png>
Package pdftex.def Info: images/revo.png used on input line 1873.
(pdftex.def)             Requested size: 56.9055pt x 18.6292pt.
 [68 <./images/GLVmainratings.png> <./images/glvmainmeltingtime.png> <./images/
AMSfuseratings.png>]
<images/amsfusecurve.png, id=1440, 491.8375pt x 547.04375pt>
File: images/amsfusecurve.png Graphic file (type png)

<use images/amsfusecurve.png>
Package pdftex.def Info: images/amsfusecurve.png used on input line 1876.
(pdftex.def)             Requested size: 281.85587pt x 313.5043pt.

<images/shutdownfuseratings.png, id=1442, 479.7925pt x 210.7875pt>
File: images/shutdownfuseratings.png Graphic file (type png)

<use images/shutdownfuseratings.png>
Package pdftex.def Info: images/shutdownfuseratings.png used on input line 1886
.
(pdftex.def)             Requested size: 281.85587pt x 123.82964pt.
File: images/revo.png Graphic file (type png)
 <use images/revo.png>
Package pdftex.def Info: images/revo.png used on input line 1890.
(pdftex.def)             Requested size: 56.9055pt x 18.6292pt.
 [69 <./images/amsfuseapprovals.png> <./images/amsfusecurve.png>]
<images/shutdownfusecurve.png, id=1447, 446.66875pt x 701.62125pt>
File: images/shutdownfusecurve.png Graphic file (type png)

<use images/shutdownfusecurve.png>
Package pdftex.def Info: images/shutdownfusecurve.png used on input line 1893.
(pdftex.def)             Requested size: 281.85587pt x 442.74101pt.

<images/WireGaugeChart.png, id=1449, 1150.2975pt x 693.59125pt>
File: images/WireGaugeChart.png Graphic file (type png)

<use images/WireGaugeChart.png>
Package pdftex.def Info: images/WireGaugeChart.png used on input line 1903.
(pdftex.def)             Requested size: 469.75502pt x 283.24184pt.
File: images/revo.png Graphic file (type png)
 <use images/revo.png>
Package pdftex.def Info: images/revo.png used on input line 1906.
(pdftex.def)             Requested size: 56.9055pt x 18.6292pt.
 [70 <./images/shutdownfuseratings.png> <./images/shutdownfusecurve.png>]
<images/chargerdata.png, id=1456, 560.0925pt x 712.6625pt>
File: images/chargerdata.png Graphic file (type png)

<use images/chargerdata.png>
Package pdftex.def Info: images/chargerdata.png used on input line 1912.
(pdftex.def)             Requested size: 375.80544pt x 478.19911pt.
File: images/revo.png Graphic file (type png)
 <use images/revo.png>
Package pdftex.def Info: images/revo.png used on input line 1916.
(pdftex.def)             Requested size: 56.9055pt x 18.6292pt.
 [71 <./images/WireGaugeChart.png>] <images/activesensorsnip.png, id=1467, 694.
595pt x 360.34625pt>
File: images/activesensorsnip.png Graphic file (type png)

<use images/activesensorsnip.png>
Package pdftex.def Info: images/activesensorsnip.png used on input line 1931.
(pdftex.def)             Requested size: 281.85587pt x 146.22534pt.
File: images/revo.png Graphic file (type png)
 <use images/revo.png>
Package pdftex.def Info: images/revo.png used on input line 1934.
(pdftex.def)             Requested size: 56.9055pt x 18.6292pt.
 [72 <./images/chargerdata.png>]
Package atveryend Info: Empty hook `BeforeClearDocument' on input line 1956.
File: images/revo.png Graphic file (type png)
 <use images/revo.png>
Package pdftex.def Info: images/revo.png used on input line 1956.
(pdftex.def)             Requested size: 56.9055pt x 18.6292pt.
 [73 <./images/activesensorsnip.png>]
Package atveryend Info: Empty hook `AfterLastShipout' on input line 1956.

(./formula_sae_esf.aux)
Package atveryend Info: Executing hook `AtVeryEndDocument' on input line 1956.
Package atveryend Info: Executing hook `AtEndAfterFileList' on input line 1956.

Package rerunfilecheck Info: File `formula_sae_esf.out' has not changed.
(rerunfilecheck)             Checksum: EDA4BF043A96F414F9FEADB207A1BB53;8571.


LaTeX Warning: There were undefined references.

Package atveryend Info: Empty hook `AtVeryVeryEnd' on input line 1956.
 ) 
Here is how much of TeX's memory you used:
 13296 strings out of 493054
 198038 string characters out of 6140585
 338548 words of memory out of 5000000
 16183 multiletter control sequences out of 15000+600000
 8183 words of font info for 31 fonts, out of 8000000 for 9000
 1141 hyphenation exceptions out of 8191
 37i,15n,43p,1057b,618s stack positions out of 5000i,500n,10000p,200000b,80000s
{/usr/share/texmf-dist/fonts/enc/dvips/cm-super/cm-super-ts1.enc}</usr/share/
texmf-dist/fonts/type1/public/amsfonts/cm/cmbx10.pfb></usr/share/texmf-dist/fon
ts/type1/public/amsfonts/cm/cmbx12.pfb></usr/share/texmf-dist/fonts/type1/publi
c/amsfonts/cm/cmmi10.pfb></usr/share/texmf-dist/fonts/type1/public/amsfonts/cm/
cmmi7.pfb></usr/share/texmf-dist/fonts/type1/public/amsfonts/cm/cmr10.pfb></usr
/share/texmf-dist/fonts/type1/public/amsfonts/cm/cmr7.pfb></usr/share/texmf-dis
t/fonts/type1/public/amsfonts/cm/cmsy10.pfb></usr/share/texmf-dist/fonts/type1/
public/amsfonts/cm/cmsy7.pfb></usr/share/texmf-dist/fonts/type1/public/cm-super
/sfrm1000.pfb>
Output written on formula_sae_esf.pdf (81 pages, 14725916 bytes).
PDF statistics:
 1594 PDF objects out of 1728 (max. 8388607)
 1353 compressed objects within 14 object streams
 344 named destinations out of 1000 (max. 500000)
 1322 words of extra memory for PDF output out of 10000 (max. 10000000)

