\BOOKMARK [1][-]{section*.3}{Table of Contents}{}% 1
\BOOKMARK [1][-]{section*.4}{List of Figures}{}% 2
\BOOKMARK [1][-]{section*.5}{List of Tables}{}% 3
\BOOKMARK [1][-]{section*.6}{List of Abbreviations}{}% 4
\BOOKMARK [1][-]{section.1}{System Overview}{}% 5
\BOOKMARK [1][-]{section.2}{Electrical Systems}{}% 6
\BOOKMARK [2][-]{subsection.2.1}{Shutdown Circuit}{section.2}% 7
\BOOKMARK [3][-]{subsubsection.2.1.1}{Description/Concept}{subsection.2.1}% 8
\BOOKMARK [3][-]{subsubsection.2.1.2}{Wiring/Additional Circuitry}{subsection.2.1}% 9
\BOOKMARK [3][-]{subsubsection.2.1.3}{Position in Car}{subsection.2.1}% 10
\BOOKMARK [2][-]{subsection.2.2}{IMD}{section.2}% 11
\BOOKMARK [3][-]{subsubsection.2.2.1}{Description \(Type, Operation Parameters\)}{subsection.2.2}% 12
\BOOKMARK [3][-]{subsubsection.2.2.2}{Wiring/Cables/Connectors}{subsection.2.2}% 13
\BOOKMARK [3][-]{subsubsection.2.2.3}{Position in Car}{subsection.2.2}% 14
\BOOKMARK [2][-]{subsection.2.3}{Inertia Switch}{section.2}% 15
\BOOKMARK [3][-]{subsubsection.2.3.1}{Description \(Type, Operation Parameters\)}{subsection.2.3}% 16
\BOOKMARK [3][-]{subsubsection.2.3.2}{Wiring/Cables/Connectors}{subsection.2.3}% 17
\BOOKMARK [3][-]{subsubsection.2.3.3}{Position in Car}{subsection.2.3}% 18
\BOOKMARK [2][-]{subsection.2.4}{Brake Plausibility Device \(BSPD\)}{section.2}% 19
\BOOKMARK [3][-]{subsubsection.2.4.1}{Description/Additional Circuitry}{subsection.2.4}% 20
\BOOKMARK [3][-]{subsubsection.2.4.2}{Wiring}{subsection.2.4}% 21
\BOOKMARK [3][-]{subsubsection.2.4.3}{Position in Car/Mechanical Fastening/Mechanical Connection}{subsection.2.4}% 22
\BOOKMARK [2][-]{subsection.2.5}{Reset/Latching for IMD and BMS}{section.2}% 23
\BOOKMARK [3][-]{subsubsection.2.5.1}{Description/Circuitry}{subsection.2.5}% 24
\BOOKMARK [3][-]{subsubsection.2.5.2}{Wiring/Cables/Connectors}{subsection.2.5}% 25
\BOOKMARK [3][-]{subsubsection.2.5.3}{Position in Car}{subsection.2.5}% 26
\BOOKMARK [2][-]{subsection.2.6}{Shutdown System Interlocks}{section.2}% 27
\BOOKMARK [3][-]{subsubsection.2.6.1}{Description/Circuitry}{subsection.2.6}% 28
\BOOKMARK [3][-]{subsubsection.2.6.2}{Wiring/Cables/Connectors}{subsection.2.6}% 29
\BOOKMARK [3][-]{subsubsection.2.6.3}{Position in Car}{subsection.2.6}% 30
\BOOKMARK [2][-]{subsection.2.7}{Tractive system Active Light}{section.2}% 31
\BOOKMARK [3][-]{subsubsection.2.7.1}{Description/Circuitry}{subsection.2.7}% 32
\BOOKMARK [3][-]{subsubsection.2.7.2}{Wiring/Cables/Connectors}{subsection.2.7}% 33
\BOOKMARK [3][-]{subsubsection.2.7.3}{Position in Car}{subsection.2.7}% 34
\BOOKMARK [2][-]{subsection.2.8}{Measurement Points}{section.2}% 35
\BOOKMARK [3][-]{subsubsection.2.8.1}{Description}{subsection.2.8}% 36
\BOOKMARK [3][-]{subsubsection.2.8.2}{Wiring, Connectors, Cables}{subsection.2.8}% 37
\BOOKMARK [3][-]{subsubsection.2.8.3}{Position in Car}{subsection.2.8}% 38
\BOOKMARK [2][-]{subsection.2.9}{Pre-Charge Circuitry}{section.2}% 39
\BOOKMARK [3][-]{subsubsection.2.9.1}{Description}{subsection.2.9}% 40
\BOOKMARK [3][-]{subsubsection.2.9.2}{Wiring, Cables, Current Calculations, Connectors}{subsection.2.9}% 41
\BOOKMARK [3][-]{subsubsection.2.9.3}{Position in Car}{subsection.2.9}% 42
\BOOKMARK [2][-]{subsection.2.10}{Discharge Circuitry}{section.2}% 43
\BOOKMARK [3][-]{subsubsection.2.10.1}{Description}{subsection.2.10}% 44
\BOOKMARK [3][-]{subsubsection.2.10.2}{Wiring, Cables, Current Calculations, Connectors}{subsection.2.10}% 45
\BOOKMARK [3][-]{subsubsection.2.10.3}{Position in Car}{subsection.2.10}% 46
\BOOKMARK [2][-]{subsection.2.11}{HV Disconnect \(HVD\)}{section.2}% 47
\BOOKMARK [3][-]{subsubsection.2.11.1}{Description}{subsection.2.11}% 48
\BOOKMARK [3][-]{subsubsection.2.11.2}{Wiring, Cables, Current Calculations, Connectors}{subsection.2.11}% 49
\BOOKMARK [3][-]{subsubsection.2.11.3}{Position in Car}{subsection.2.11}% 50
\BOOKMARK [2][-]{subsection.2.12}{Ready To Drive Sound \(RTDS\)}{section.2}% 51
\BOOKMARK [3][-]{subsubsection.2.12.1}{Description}{subsection.2.12}% 52
\BOOKMARK [3][-]{subsubsection.2.12.2}{Wiring, Cables, Current Calculations, Connectors}{subsection.2.12}% 53
\BOOKMARK [3][-]{subsubsection.2.12.3}{Position in Car}{subsection.2.12}% 54
\BOOKMARK [1][-]{section.3}{Accumulator}{}% 55
\BOOKMARK [2][-]{subsection.3.1}{Accumulator Pack 1}{section.3}% 56
\BOOKMARK [3][-]{subsubsection.3.1.1}{Overview/Description/Parameters}{subsection.3.1}% 57
\BOOKMARK [3][-]{subsubsection.3.1.2}{Cell Description}{subsection.3.1}% 58
\BOOKMARK [3][-]{subsubsection.3.1.3}{Cell Configuration}{subsection.3.1}% 59
\BOOKMARK [3][-]{subsubsection.3.1.4}{Cell Temperature Monitoring}{subsection.3.1}% 60
\BOOKMARK [3][-]{subsubsection.3.1.5}{Battery Management System}{subsection.3.1}% 61
\BOOKMARK [3][-]{subsubsection.3.1.6}{Accumulator Indicator}{subsection.3.1}% 62
\BOOKMARK [3][-]{subsubsection.3.1.7}{Wiring, Cables, Current Calculations, Connectors}{subsection.3.1}% 63
\BOOKMARK [3][-]{subsubsection.3.1.8}{Accumulator Insulation Relays \(AIR\)}{subsection.3.1}% 64
\BOOKMARK [3][-]{subsubsection.3.1.9}{Fusing}{subsection.3.1}% 65
\BOOKMARK [3][-]{subsubsection.3.1.10}{Charging}{subsection.3.1}% 66
\BOOKMARK [3][-]{subsubsection.3.1.11}{Mechanical Configuration/Materials}{subsection.3.1}% 67
\BOOKMARK [3][-]{subsubsection.3.1.12}{Position in Car}{subsection.3.1}% 68
\BOOKMARK [2][-]{subsection.3.2}{Accumulator Pack 2}{section.3}% 69
\BOOKMARK [1][-]{section.4}{Energy Meter Mounting}{}% 70
\BOOKMARK [2][-]{subsection.4.1}{Description}{section.4}% 71
\BOOKMARK [2][-]{subsection.4.2}{Wiring, Cables, Current Calculations, Connectors}{section.4}% 72
\BOOKMARK [2][-]{subsection.4.3}{Position in Car}{section.4}% 73
\BOOKMARK [1][-]{section.5}{Motor Controller}{}% 74
\BOOKMARK [2][-]{subsection.5.1}{Motor Controller 1}{section.5}% 75
\BOOKMARK [3][-]{subsubsection.5.1.1}{Description, Type, Operation Parameters}{subsection.5.1}% 76
\BOOKMARK [3][-]{subsubsection.5.1.2}{Wiring, Cables, Current Calculations, Connectors}{subsection.5.1}% 77
\BOOKMARK [3][-]{subsubsection.5.1.3}{Position in Car}{subsection.5.1}% 78
\BOOKMARK [2][-]{subsection.5.2}{Motor Controller 2}{section.5}% 79
\BOOKMARK [1][-]{section.6}{Motors}{}% 80
\BOOKMARK [2][-]{subsection.6.1}{Motor 1}{section.6}% 81
\BOOKMARK [3][-]{subsubsection.6.1.1}{Description, Type, Operating Parameters}{subsection.6.1}% 82
\BOOKMARK [3][-]{subsubsection.6.1.2}{Wiring, Cables, Current Calculations, Connectors}{subsection.6.1}% 83
\BOOKMARK [3][-]{subsubsection.6.1.3}{Position in Car}{subsection.6.1}% 84
\BOOKMARK [2][-]{subsection.6.2}{Motor 2}{section.6}% 85
\BOOKMARK [1][-]{section.7}{Torque Encoder}{}% 86
\BOOKMARK [2][-]{subsection.7.1}{Description/Additional Circuitry}{section.7}% 87
\BOOKMARK [2][-]{subsection.7.2}{Torque Encoder Plausibility Check}{section.7}% 88
\BOOKMARK [2][-]{subsection.7.3}{Wiring}{section.7}% 89
\BOOKMARK [2][-]{subsection.7.4}{Position in Car/Mechanical Fastening/Mechanical Connection}{section.7}% 90
\BOOKMARK [1][-]{section.8}{Additional LV-parts Interfering with the Tractive System}{}% 91
\BOOKMARK [2][-]{subsection.8.1}{LV Part 1: DC-DC converter}{section.8}% 92
\BOOKMARK [3][-]{subsubsection.8.1.1}{Description}{subsection.8.1}% 93
\BOOKMARK [3][-]{subsubsection.8.1.2}{Wiring, Cables}{subsection.8.1}% 94
\BOOKMARK [3][-]{subsubsection.8.1.3}{Position in Car}{subsection.8.1}% 95
\BOOKMARK [2][-]{subsection.8.2}{LV Part 2: Dashboard Node}{section.8}% 96
\BOOKMARK [3][-]{subsubsection.8.2.1}{Description}{subsection.8.2}% 97
\BOOKMARK [3][-]{subsubsection.8.2.2}{Wiring, cables}{subsection.8.2}% 98
\BOOKMARK [3][-]{subsubsection.8.2.3}{Position in Car}{subsection.8.2}% 99
\BOOKMARK [2][-]{subsection.8.3}{LV Part 3: IMD, Ready to Drive Sound, and Watchdog Node}{section.8}% 100
\BOOKMARK [3][-]{subsubsection.8.3.1}{Description}{subsection.8.3}% 101
\BOOKMARK [3][-]{subsubsection.8.3.2}{Wiring, Cables}{subsection.8.3}% 102
\BOOKMARK [3][-]{subsubsection.8.3.3}{Position in Car}{subsection.8.3}% 103
\BOOKMARK [1][-]{section.9}{Overall Grounding Concept}{}% 104
\BOOKMARK [2][-]{subsection.9.1}{Description of the Grounding Concept}{section.9}% 105
\BOOKMARK [2][-]{subsection.9.2}{Grounding Measurements}{section.9}% 106
\BOOKMARK [1][-]{section.10}{Firewall}{}% 107
\BOOKMARK [2][-]{subsection.10.1}{Firewall 1}{section.10}% 108
\BOOKMARK [3][-]{subsubsection.10.1.1}{Description/Materials}{subsection.10.1}% 109
\BOOKMARK [3][-]{subsubsection.10.1.2}{Position in Car}{subsection.10.1}% 110
\BOOKMARK [2][-]{subsection.10.2}{Firewall 2}{section.10}% 111
\BOOKMARK [1][-]{section.11}{Appendix}{}% 112
